  INFO root [0x00001edc] [2019-03-07 13:42:28,874] - 
  INFO root [0x00001edc] [2019-03-07 13:42:28,875] - -----------------------------------------------------------------------------------------


  INFO root [0x00001edc] [2019-03-07 13:42:28,898] - Resmgr::initialize: KBE_ROOT=D:/kbengine-2.4.2/
  INFO root [0x00001edc] [2019-03-07 13:42:28,899] - Resmgr::initialize: KBE_RES_PATH=D:/kbengine-2.4.2/kbe/res/;D:/kbengine-2.4.2/skiing3_server_assets/;D:/kbengine-2.4.2/skiing3_server_assets/scripts/;D:/kbengine-2.4.2/skiing3_server_assets/res/
  INFO root [0x00001edc] [2019-03-07 13:42:28,899] - Resmgr::initialize: KBE_BIN_PATH=D:/kbengine-2.4.2/kbe/bin/server/
  INFO root [0x00001edc] [2019-03-07 13:42:28,947] - NetworkInterface::initialize(INTERNAL-TCP): bound to all interfaces with default route interface on 192.168.0.148 ( 192.168.0.148:7787 )
  INFO root [0x00001edc] [2019-03-07 13:42:28,947] - NetworkInterface::initialize(INTERNAL-TCP): address 192.168.0.148:7787, SOMAXCONN=5.
  INFO root [0x00001edc] [2019-03-07 13:42:28,948] - server-configs:
  INFO root [0x00001edc] [2019-03-07 13:42:28,948] - 	gameUpdateHertz : 60
  INFO root [0x00001edc] [2019-03-07 13:42:28,958] - 	defaultViewRadius : 80
  INFO root [0x00001edc] [2019-03-07 13:42:28,958] - 	defaultViewHysteresisArea : 5
  INFO root [0x00001edc] [2019-03-07 13:42:28,960] - 	entryScriptFile : kbemain
  INFO root [0x00001edc] [2019-03-07 13:42:28,961] - 	internalTcpAddr : 192.168.0.148:7787
  INFO root [0x00001edc] [2019-03-07 13:42:28,961] - 	componentID : 8001
  WARN root [0x00001edc] [2019-03-07 13:42:28,974] - invalid UID(0) <= 0, please check UID for environment! automatically set to 28936.
  INFO root [0x00001edc] [2019-03-07 13:42:29,007] - Components::findLogger: found logger, addr:192.168.0.148:7760
  INFO root [0x00001edc] [2019-03-07 13:42:29,007] - Components::addComponent: reset orderLog, uid=28936!
  INFO root [0x00001edc] [2019-03-07 13:42:29,008] - Components::addComponent[logger], uid=28936, componentID=2000, globalorderid=1, grouporderid=1, totalcount=1
  INFO root [0x00001edc] [2019-03-07 13:42:29,012] - ---- cellapp Version: 2.4.2. ScriptVersion: 0.1.0. Pythoncore: 3.7.2. Protocol: E73A667D90DF1EB3CFEA32B1FCE682E5. Config: Debug X86. Built: 17:21:32 Feb 27 2019. AppID: 8001. UID: 28936. PID: 15112 ----
  INFO root [0x00001edc] [2019-03-07 13:42:29,013] - Server 19: Intel(R) Xeon(R) CPU E3-1231 v3 @ 3.40GHz with 2097151kB RAM
  INFO root [0x00001edc] [2019-03-07 13:42:29,013] - ThreadPool::createThreadPool: creating  threadpool...
  INFO root [0x00001edc] [2019-03-07 13:42:29,014] - ThreadPool::createThreadPool: successfully(2), newThreadCount=1, normalMaxThreadCount=2, maxThreadCount=8
  INFO root [0x00001edc] [2019-03-07 13:42:29,194] - Script::install(): is successfully, Python=(3.7.2 (default, Feb 27 2019, 17:13:46) [MSC v.1916 32 bit (Intel)])!
  INFO root [0x00001edc] [2019-03-07 13:42:29,194] - Script::install(): KBExtra is successfully!
 DEBUG root [0x00001edc] [2019-03-07 13:42:29,303] - loaded entity-script:Account(1).
  WARN root [0x00001edc] [2019-03-07 13:42:29,304] - EntityDef::checkDefMethod: exposed of method: Room.enterGameWorld, check the caller can use "def enterGameWorld(self, callerID, ...)", such as: if callerID == self.id!
 DEBUG root [0x00001edc] [2019-03-07 13:42:29,304] - loaded entity-script:Room(3).
  INFO root [0x00001edc] [2019-03-07 13:42:29,305] - TelnetServer server is running on port 50000
  INFO root [0x00001edc] [2019-03-07 13:42:29,735] - ---- cellapp is running ----
 DEBUG root [0x00001edc] [2019-03-07 13:42:29,735] - Components::process(): Request for the process of identity...
  WARN root [0x00001edc] [2019-03-07 13:42:35,855] - Forwarding logs to logger[192.168.0.148:7760/0/0/0]...
 ERROR root [0x00001edc] [2019-03-07 13:42:57,519] - Components::removeComponentByChannel: logger : 2000, Abnormal exit! TCPPacketReceiver::processRecv(): error=10054

  INFO root [0x00001edc] [2019-03-07 13:42:57,521] - The following logs sent to logger failed:
  WARN root [0x00001edc] [2019-03-07 13:42:57,522] - ==> [2019-03-07 13:42:57 520] TCPPacketReceiver::processPendingEvents(192.168.0.148:7760): Throwing REASON_GENERAL_NETWORK - WSAECONNRESET
 ERROR root [0x00001edc] [2019-03-07 13:42:57,522] - ==> [2019-03-07 13:42:57 520] Components::removeComponentByChannel: logger : 2000, Abnormal exit! TCPPacketReceiver::processRecv(): error=10054

  WARN root [0x00001edc] [2019-03-07 13:42:58,152] - TCPPacketReceiver::processPendingEvents(192.168.0.148:7763): Throwing REASON_GENERAL_NETWORK - WSAECONNRESET
 ERROR root [0x00001edc] [2019-03-07 13:42:58,154] - Components::removeComponentByChannel: dbmgr : 4000, Abnormal exit! TCPPacketReceiver::processRecv(): error=10054

  INFO root [0x00001edc] [2019-03-07 13:42:58,163] - Shutdowner::onShutdownBegin: shutting down(period=0, tickPeriod=1)
  INFO root [0x00001edc] [2019-03-07 13:42:58,169] - Shutdowner::onShutdown: shutting down
  INFO root [0x00001edc] [2019-03-07 13:42:58,170] - Shutdowner::onShutdownEnd: shutting down
 DEBUG root [0x00001edc] [2019-03-07 13:42:58,172] - EntityRef::destroyObjPool(): size 0.
 DEBUG root [0x00001edc] [2019-03-07 13:42:58,173] - Witness::destroyObjPool(): size 0.
  INFO root [0x00001edc] [2019-03-07 13:42:58,206] - Script::uninstall(): is successfully!
 DEBUG root [0x00001edc] [2019-03-07 13:42:58,206] - ThreadPool::destroy(): starting size 2.
  WARN root [0x00001edc] [2019-03-07 13:42:58,515] - ThreadPool::destroy(): waiting for thread(2)[0x1977728,0x1977588,], try=1
 DEBUG root [0x00001edc] [2019-03-07 13:42:58,917] - TPThread::~TPThread(): 0x1977728
 DEBUG root [0x00001edc] [2019-03-07 13:42:58,917] - TPThread::~TPThread(): 0x1977588
 DEBUG root [0x00001edc] [2019-03-07 13:42:58,917] - ThreadPool::destroy(): successfully!
 DEBUG root [0x00001edc] [2019-03-07 13:42:58,962] - Bundle::destroyObjPool(): size 19.
 DEBUG root [0x00001edc] [2019-03-07 13:42:58,962] - Channel::destroyObjPool(): size 13.
 DEBUG root [0x00001edc] [2019-03-07 13:42:58,962] - TCPPacket::destroyObjPool(): size 2.
 DEBUG root [0x00001edc] [2019-03-07 13:42:58,962] - UDPPacket::destroyObjPool(): size 0.
 DEBUG root [0x00001edc] [2019-03-07 13:42:58,962] - EndPoint::destroyObjPool(): size 13.
 DEBUG root [0x00001edc] [2019-03-07 13:42:58,962] - Address::destroyObjPool(): size 0.
 DEBUG root [0x00001edc] [2019-03-07 13:42:58,963] - TCPPacketReceiver::destroyObjPool(): size 0.
 DEBUG root [0x00001edc] [2019-03-07 13:42:58,963] - UDPPacketReceiver::destroyObjPool(): size 0.
  INFO root [0x00001edc] [2019-03-07 13:42:58,963] - cellapp(8001) has shut down.
  INFO root [0x00001edc] [2019-03-07 13:42:59,963] - EventDispatcher()::~EventDispatcher: Num timers = 1
