  INFO root [2019-03-07 13:42:16,510] - 
  INFO root [2019-03-07 13:42:16,511] - -----------------------------------------------------------------------------------------


  INFO root [2019-03-07 13:42:16,528] - Resmgr::initialize: KBE_ROOT=D:/kbengine-2.4.2/
  INFO root [2019-03-07 13:42:16,528] - Resmgr::initialize: KBE_RES_PATH=D:/kbengine-2.4.2/kbe/res/;D:/kbengine-2.4.2/skiing3_server_assets/;D:/kbengine-2.4.2/skiing3_server_assets/scripts/;D:/kbengine-2.4.2/skiing3_server_assets/res/
  INFO root [2019-03-07 13:42:16,528] - Resmgr::initialize: KBE_BIN_PATH=D:/kbengine-2.4.2/kbe/bin/server/
  INFO root [2019-03-07 13:42:16,546] - NetworkInterface::initialize(INTERNAL-TCP): bound to all interfaces with default route interface on 192.168.0.148 ( 192.168.0.148:7776 )
  INFO root [2019-03-07 13:42:16,546] - NetworkInterface::initialize(INTERNAL-TCP): address 192.168.0.148:7776, SOMAXCONN=5.
  INFO root [2019-03-07 13:42:16,546] - server-configs:
  INFO root [2019-03-07 13:42:16,546] - 	internalTcpAddr : 192.168.0.148:7776
  INFO root [2019-03-07 13:42:16,546] - 	componentID : 6000
  WARN root [2019-03-07 13:42:16,550] - invalid UID(0) <= 0, please check UID for environment! automatically set to 28936.
  INFO root [2019-03-07 13:42:16,642] - Components::findLogger: found logger, addr:192.168.0.148:7760
  INFO root [2019-03-07 13:42:16,642] - Components::addComponent: reset orderLog, uid=28936!
  INFO root [2019-03-07 13:42:16,642] - Components::addComponent[logger], uid=28936, componentID=2000, globalorderid=1, grouporderid=1, totalcount=1
  INFO root [2019-03-07 13:42:16,647] - ---- cellappmgr Version: 2.4.2. ScriptVersion: 0.1.0. Pythoncore: 3.7.2. Protocol: ACC6C099AA23569403DEFB7E57FC06C6. Config: Debug X86. Built: 17:19:52 Feb 27 2019. AppID: 6000. UID: 28936. PID: 3184 ----
  INFO root [2019-03-07 13:42:16,647] - Server 19: Intel(R) Xeon(R) CPU E3-1231 v3 @ 3.40GHz with 2097151kB RAM
  INFO root [2019-03-07 13:42:16,661] - ThreadPool::createThreadPool: creating  threadpool...
  INFO root [2019-03-07 13:42:16,662] - ThreadPool::createThreadPool: successfully(2), newThreadCount=1, normalMaxThreadCount=2, maxThreadCount=8
  INFO root [2019-03-07 13:42:17,003] - ---- cellappmgr is running ----
 DEBUG root [2019-03-07 13:42:17,004] - Components::process(): Request for the process of identity...
  WARN root [2019-03-07 13:42:23,117] - Forwarding logs to logger[192.168.0.148:7760/0/0/0]...
 ERROR root [2019-03-07 13:42:57,480] - Components::removeComponentByChannel: logger : 2000, Abnormal exit! TCPPacketReceiver::processRecv(): error=10054

  INFO root [2019-03-07 13:42:57,483] - The following logs sent to logger failed:
  WARN root [2019-03-07 13:42:57,483] - ==> [2019-03-07 13:42:57 480] TCPPacketReceiver::processPendingEvents(192.168.0.148:7760): Throwing REASON_GENERAL_NETWORK - WSAECONNRESET
 ERROR root [2019-03-07 13:42:57,483] - ==> [2019-03-07 13:42:57 480] Components::removeComponentByChannel: logger : 2000, Abnormal exit! TCPPacketReceiver::processRecv(): error=10054

  WARN root [2019-03-07 13:42:58,152] - TCPPacketReceiver::processPendingEvents(192.168.0.148:7763): Throwing REASON_GENERAL_NETWORK - WSAECONNRESET
 ERROR root [2019-03-07 13:42:58,154] - Components::removeComponentByChannel: dbmgr : 4000, Abnormal exit! TCPPacketReceiver::processRecv(): error=10054

  INFO root [2019-03-07 13:42:58,164] - Shutdowner::onShutdownBegin: shutting down(period=0, tickPeriod=1)
  INFO root [2019-03-07 13:42:58,170] - Shutdowner::onShutdown: shutting down
  INFO root [2019-03-07 13:42:58,171] - Shutdowner::onShutdownEnd: shutting down
 DEBUG root [2019-03-07 13:42:58,220] - ThreadPool::destroy(): starting size 2.
  WARN root [2019-03-07 13:42:58,532] - ThreadPool::destroy(): waiting for thread(2)[0xc46430,0xc46088,], try=1
 DEBUG root [2019-03-07 13:42:58,933] - TPThread::~TPThread(): 0xc46430
 DEBUG root [2019-03-07 13:42:58,933] - TPThread::~TPThread(): 0xc46088
 DEBUG root [2019-03-07 13:42:58,933] - ThreadPool::destroy(): successfully!
 DEBUG root [2019-03-07 13:42:58,960] - Bundle::destroyObjPool(): size 22.
 DEBUG root [2019-03-07 13:42:58,960] - Channel::destroyObjPool(): size 12.
 DEBUG root [2019-03-07 13:42:58,961] - TCPPacket::destroyObjPool(): size 5.
 DEBUG root [2019-03-07 13:42:58,961] - UDPPacket::destroyObjPool(): size 6.
 DEBUG root [2019-03-07 13:42:58,961] - EndPoint::destroyObjPool(): size 12.
 DEBUG root [2019-03-07 13:42:58,961] - Address::destroyObjPool(): size 0.
 DEBUG root [2019-03-07 13:42:58,961] - TCPPacketReceiver::destroyObjPool(): size 0.
 DEBUG root [2019-03-07 13:42:58,961] - UDPPacketReceiver::destroyObjPool(): size 0.
  INFO root [2019-03-07 13:42:58,961] - cellappmgr(6000) has shut down.
