  INFO root [2019-03-04 11:16:14,491] - 
  INFO root [2019-03-04 11:16:14,492] - -----------------------------------------------------------------------------------------


  INFO root [2019-03-04 11:16:14,493] - Resmgr::initialize: KBE_ROOT=D:/kbengine-2.4.2/
  INFO root [2019-03-04 11:16:14,493] - Resmgr::initialize: KBE_RES_PATH=D:/kbengine-2.4.2/kbe/res/;D:/kbengine-2.4.2/first_server_assets/;D:/kbengine-2.4.2/first_server_assets/scripts/;D:/kbengine-2.4.2/first_server_assets/res/
  INFO root [2019-03-04 11:16:14,494] - Resmgr::initialize: KBE_BIN_PATH=D:/kbengine-2.4.2/kbe/bin/server/
  INFO root [2019-03-04 11:16:14,498] - NetworkInterface::initialize(INTERNAL-TCP): bound to all interfaces with default route interface on 192.168.0.148 ( 192.168.0.148:30099 )
  INFO root [2019-03-04 11:16:14,498] - NetworkInterface::initialize(INTERNAL-TCP): address 192.168.0.148:30099, SOMAXCONN=5.
  WARN root [2019-03-04 11:16:14,501] - invalid UID(0) <= 0, please check UID for environment! automatically set to 28936.
  INFO root [2019-03-04 11:16:14,504] - ---- interfaces Version: 2.4.2. ScriptVersion: 0.1.0. Pythoncore: 3.7.2. Protocol: C7B8E3A586CF281D82BB7682D7E4E253. Config: Debug X86. Built: 17:19:50 Feb 27 2019. AppID: 3000. UID: 28936. PID: 7728 ----
  INFO root [2019-03-04 11:16:14,504] - Server 19: Intel(R) Xeon(R) CPU E3-1231 v3 @ 3.40GHz with 2097151kB RAM
  INFO root [2019-03-04 11:16:14,504] - ThreadPool::createThreadPool: creating  threadpool...
  INFO root [2019-03-04 11:16:14,505] - ThreadPool::createThreadPool: successfully(2), newThreadCount=1, normalMaxThreadCount=2, maxThreadCount=8
  INFO root [2019-03-04 11:16:14,685] - Script::install(): is successfully, Python=(3.7.2 (default, Feb 27 2019, 17:13:46) [MSC v.1916 32 bit (Intel)])!
  INFO root [2019-03-04 11:16:14,685] - Script::install(): KBExtra is successfully!
S_INFO root [2019-03-04 11:16:14,851] - onInterfaceAppReady: bootstrapGroupIndex=0, bootstrapGlobalIndex=0
  INFO root [2019-03-04 11:16:14,852] - TelnetServer server is running on port 33000
  INFO root [2019-03-04 11:16:15,150] - ---- interfaces is running ----
 DEBUG root [2019-03-04 11:16:15,151] - Components::process(): Request for the process of identity...
  INFO root [2019-03-04 11:16:22,336] - ServerApp::onRegisterNewApp: uid:28936, username:19, componentType:dbmgr, componentID:4000, globalorderID=-1, grouporderID=-1, intaddr:192.168.0.148, intport:10399, extaddr:nonsupport, extport:0,  from 127.0.0.1:10403/0/0/0.
  INFO root [2019-03-04 11:16:22,336] - Components::addComponent: reset orderLog, uid=28936!
  INFO root [2019-03-04 11:16:22,337] - Components::addComponent[dbmgr], uid=28936, componentID=4000, globalorderid=1, grouporderid=1, totalcount=1
  INFO root [2019-03-04 11:16:22,508] - Components::process(): Found all the components!
S_INFO root [2019-03-04 11:17:23,382] - onRequestAccountLogin: registerName=123
S_INFO root [2019-03-04 11:17:31,788] - onRequestAccountLogin: registerName=234
  WARN root [2019-03-04 11:18:22,437] - TCPPacketReceiver::processPendingEvents(127.0.0.1:10403): Throwing REASON_GENERAL_NETWORK - WSAECONNRESET
  INFO root [2019-03-04 11:18:22,438] - Components::removeComponentByChannel: dbmgr : 4000, Normal exit!
  INFO root [2019-03-04 11:18:25,161] - 
  INFO root [2019-03-04 11:18:25,164] - -----------------------------------------------------------------------------------------


  INFO root [2019-03-04 11:18:25,166] - Resmgr::initialize: KBE_ROOT=D:/kbengine-2.4.2/
  INFO root [2019-03-04 11:18:25,166] - Resmgr::initialize: KBE_RES_PATH=D:/kbengine-2.4.2/kbe/res/;D:/kbengine-2.4.2/first_server_assets/;D:/kbengine-2.4.2/first_server_assets/scripts/;D:/kbengine-2.4.2/first_server_assets/res/
  INFO root [2019-03-04 11:18:25,167] - Resmgr::initialize: KBE_BIN_PATH=D:/kbengine-2.4.2/kbe/bin/server/
  INFO root [2019-03-04 11:18:25,179] - NetworkInterface::initialize(INTERNAL-TCP): bound to all interfaces with default route interface on 192.168.0.148 ( 192.168.0.148:30099 )
  INFO root [2019-03-04 11:18:25,179] - NetworkInterface::initialize(INTERNAL-TCP): address 192.168.0.148:30099, SOMAXCONN=5.
  WARN root [2019-03-04 11:18:25,183] - invalid UID(0) <= 0, please check UID for environment! automatically set to 28936.
  INFO root [2019-03-04 11:18:25,193] - ---- interfaces Version: 2.4.2. ScriptVersion: 0.1.0. Pythoncore: 3.7.2. Protocol: C7B8E3A586CF281D82BB7682D7E4E253. Config: Debug X86. Built: 17:19:50 Feb 27 2019. AppID: 3000. UID: 28936. PID: 16312 ----
  INFO root [2019-03-04 11:18:25,197] - Server 19: Intel(R) Xeon(R) CPU E3-1231 v3 @ 3.40GHz with 2097151kB RAM
  INFO root [2019-03-04 11:18:25,198] - ThreadPool::createThreadPool: creating  threadpool...
  INFO root [2019-03-04 11:18:25,199] - ThreadPool::createThreadPool: successfully(2), newThreadCount=1, normalMaxThreadCount=2, maxThreadCount=8
  INFO root [2019-03-04 11:18:25,391] - Script::install(): is successfully, Python=(3.7.2 (default, Feb 27 2019, 17:13:46) [MSC v.1916 32 bit (Intel)])!
  INFO root [2019-03-04 11:18:25,392] - Script::install(): KBExtra is successfully!
S_INFO root [2019-03-04 11:18:25,420] - onInterfaceAppReady: bootstrapGroupIndex=0, bootstrapGlobalIndex=0
  INFO root [2019-03-04 11:18:25,422] - TelnetServer server is running on port 33000
  INFO root [2019-03-04 11:18:25,825] - ---- interfaces is running ----
 DEBUG root [2019-03-04 11:18:25,825] - Components::process(): Request for the process of identity...
  INFO root [2019-03-04 11:18:31,996] - ServerApp::onRegisterNewApp: uid:28936, username:19, componentType:dbmgr, componentID:4000, globalorderID=-1, grouporderID=-1, intaddr:192.168.0.148, intport:10724, extaddr:nonsupport, extport:0,  from 127.0.0.1:10731/0/0/0.
  INFO root [2019-03-04 11:18:31,997] - Components::addComponent: reset orderLog, uid=28936!
  INFO root [2019-03-04 11:18:31,997] - Components::addComponent[dbmgr], uid=28936, componentID=4000, globalorderid=1, grouporderid=1, totalcount=1
  INFO root [2019-03-04 11:18:33,021] - Components::process(): Found all the components!
S_INFO root [2019-03-04 11:18:46,850] - onRequestAccountLogin: registerName=234
S_INFO root [2019-03-04 11:18:50,084] - onRequestAccountLogin: registerName=123
  WARN root [2019-03-04 11:19:37,480] - TCPPacketReceiver::processPendingEvents(127.0.0.1:10731): Throwing REASON_GENERAL_NETWORK - WSAECONNRESET
  INFO root [2019-03-04 11:19:37,481] - Components::removeComponentByChannel: dbmgr : 4000, Normal exit!
  INFO root [2019-03-04 11:19:40,479] - 
  INFO root [2019-03-04 11:19:40,480] - -----------------------------------------------------------------------------------------


  INFO root [2019-03-04 11:19:40,482] - Resmgr::initialize: KBE_ROOT=D:/kbengine-2.4.2/
  INFO root [2019-03-04 11:19:40,482] - Resmgr::initialize: KBE_RES_PATH=D:/kbengine-2.4.2/kbe/res/;D:/kbengine-2.4.2/first_server_assets/;D:/kbengine-2.4.2/first_server_assets/scripts/;D:/kbengine-2.4.2/first_server_assets/res/
  INFO root [2019-03-04 11:19:40,482] - Resmgr::initialize: KBE_BIN_PATH=D:/kbengine-2.4.2/kbe/bin/server/
  INFO root [2019-03-04 11:19:40,487] - NetworkInterface::initialize(INTERNAL-TCP): bound to all interfaces with default route interface on 192.168.0.148 ( 192.168.0.148:30099 )
  INFO root [2019-03-04 11:19:40,488] - NetworkInterface::initialize(INTERNAL-TCP): address 192.168.0.148:30099, SOMAXCONN=5.
  WARN root [2019-03-04 11:19:40,492] - invalid UID(0) <= 0, please check UID for environment! automatically set to 28936.
  INFO root [2019-03-04 11:19:40,498] - ---- interfaces Version: 2.4.2. ScriptVersion: 0.1.0. Pythoncore: 3.7.2. Protocol: C7B8E3A586CF281D82BB7682D7E4E253. Config: Debug X86. Built: 17:19:50 Feb 27 2019. AppID: 3000. UID: 28936. PID: 13460 ----
  INFO root [2019-03-04 11:19:40,498] - Server 19: Intel(R) Xeon(R) CPU E3-1231 v3 @ 3.40GHz with 2097151kB RAM
  INFO root [2019-03-04 11:19:40,499] - ThreadPool::createThreadPool: creating  threadpool...
  INFO root [2019-03-04 11:19:40,499] - ThreadPool::createThreadPool: successfully(2), newThreadCount=1, normalMaxThreadCount=2, maxThreadCount=8
  INFO root [2019-03-04 11:19:40,684] - Script::install(): is successfully, Python=(3.7.2 (default, Feb 27 2019, 17:13:46) [MSC v.1916 32 bit (Intel)])!
  INFO root [2019-03-04 11:19:40,684] - Script::install(): KBExtra is successfully!
S_INFO root [2019-03-04 11:19:40,704] - onInterfaceAppReady: bootstrapGroupIndex=0, bootstrapGlobalIndex=0
  INFO root [2019-03-04 11:19:40,705] - TelnetServer server is running on port 33000
  INFO root [2019-03-04 11:19:41,051] - ---- interfaces is running ----
 DEBUG root [2019-03-04 11:19:41,052] - Components::process(): Request for the process of identity...
  WARN root [2019-03-04 11:19:41,529] - BundleBroadcast::BundleBroadcast: Cannot bind to port 20005, errorno=10048
  WARN root [2019-03-04 11:19:42,025] - BundleBroadcast::BundleBroadcast: Cannot bind to port 20586, errorno=10048
  INFO root [2019-03-04 11:19:48,278] - ServerApp::onRegisterNewApp: uid:28936, username:19, componentType:dbmgr, componentID:4000, globalorderID=-1, grouporderID=-1, intaddr:192.168.0.148, intport:10929, extaddr:nonsupport, extport:0,  from 127.0.0.1:10943/0/0/0.
  INFO root [2019-03-04 11:19:48,278] - Components::addComponent: reset orderLog, uid=28936!
  INFO root [2019-03-04 11:19:48,278] - Components::addComponent[dbmgr], uid=28936, componentID=4000, globalorderid=1, grouporderid=1, totalcount=1
  INFO root [2019-03-04 11:19:49,306] - Components::process(): Found all the components!
S_INFO root [2019-03-04 11:20:03,067] - onRequestAccountLogin: registerName=123
S_INFO root [2019-03-04 11:20:07,097] - onRequestAccountLogin: registerName=234
S_INFO root [2019-03-04 11:23:35,251] - onRequestAccountLogin: registerName=123
S_INFO root [2019-03-04 11:23:46,433] - onRequestAccountLogin: registerName=456
S_INFO root [2019-03-04 11:23:48,036] - onRequestAccountLogin: registerName=345
  WARN root [2019-03-04 11:24:19,783] - TCPPacketReceiver::processPendingEvents(127.0.0.1:10943): Throwing REASON_GENERAL_NETWORK - WSAECONNRESET
  INFO root [2019-03-04 11:24:19,784] - Components::removeComponentByChannel: dbmgr : 4000, Normal exit!
  INFO root [2019-03-04 11:37:43,413] - 
  INFO root [2019-03-04 11:37:43,414] - -----------------------------------------------------------------------------------------


  INFO root [2019-03-04 11:37:43,415] - Resmgr::initialize: KBE_ROOT=D:/kbengine-2.4.2/
  INFO root [2019-03-04 11:37:43,416] - Resmgr::initialize: KBE_RES_PATH=D:/kbengine-2.4.2/kbe/res/;D:/kbengine-2.4.2/first_server_assets/;D:/kbengine-2.4.2/first_server_assets/scripts/;D:/kbengine-2.4.2/first_server_assets/res/
  INFO root [2019-03-04 11:37:43,416] - Resmgr::initialize: KBE_BIN_PATH=D:/kbengine-2.4.2/kbe/bin/server/
  INFO root [2019-03-04 11:37:43,419] - NetworkInterface::initialize(INTERNAL-TCP): bound to all interfaces with default route interface on 192.168.0.148 ( 192.168.0.148:30099 )
  INFO root [2019-03-04 11:37:43,420] - NetworkInterface::initialize(INTERNAL-TCP): address 192.168.0.148:30099, SOMAXCONN=5.
  WARN root [2019-03-04 11:37:43,423] - invalid UID(0) <= 0, please check UID for environment! automatically set to 28936.
  INFO root [2019-03-04 11:37:43,428] - ---- interfaces Version: 2.4.2. ScriptVersion: 0.1.0. Pythoncore: 3.7.2. Protocol: C7B8E3A586CF281D82BB7682D7E4E253. Config: Debug X86. Built: 17:19:50 Feb 27 2019. AppID: 3000. UID: 28936. PID: 10792 ----
  INFO root [2019-03-04 11:37:43,428] - Server 19: Intel(R) Xeon(R) CPU E3-1231 v3 @ 3.40GHz with 2097151kB RAM
  INFO root [2019-03-04 11:37:43,429] - ThreadPool::createThreadPool: creating  threadpool...
  INFO root [2019-03-04 11:37:43,429] - ThreadPool::createThreadPool: successfully(2), newThreadCount=1, normalMaxThreadCount=2, maxThreadCount=8
  INFO root [2019-03-04 11:37:43,654] - Script::install(): is successfully, Python=(3.7.2 (default, Feb 27 2019, 17:13:46) [MSC v.1916 32 bit (Intel)])!
  INFO root [2019-03-04 11:37:43,654] - Script::install(): KBExtra is successfully!
S_INFO root [2019-03-04 11:37:43,685] - onInterfaceAppReady: bootstrapGroupIndex=0, bootstrapGlobalIndex=0
  INFO root [2019-03-04 11:37:43,687] - TelnetServer server is running on port 33000
  INFO root [2019-03-04 11:37:44,106] - ---- interfaces is running ----
 DEBUG root [2019-03-04 11:37:44,106] - Components::process(): Request for the process of identity...
  INFO root [2019-03-04 11:37:50,342] - ServerApp::onRegisterNewApp: uid:28936, username:19, componentType:dbmgr, componentID:4000, globalorderID=-1, grouporderID=-1, intaddr:192.168.0.148, intport:13427, extaddr:nonsupport, extport:0,  from 127.0.0.1:13440/0/0/0.
  INFO root [2019-03-04 11:37:50,343] - Components::addComponent: reset orderLog, uid=28936!
  INFO root [2019-03-04 11:37:50,343] - Components::addComponent[dbmgr], uid=28936, componentID=4000, globalorderid=1, grouporderid=1, totalcount=1
  INFO root [2019-03-04 11:37:51,371] - Components::process(): Found all the components!
S_INFO root [2019-03-04 11:39:38,059] - onRequestAccountLogin: registerName=123
S_INFO root [2019-03-04 11:39:40,964] - onRequestAccountLogin: registerName=234
S_INFO root [2019-03-04 11:53:17,572] - onRequestAccountLogin: registerName=345
S_INFO root [2019-03-04 11:53:44,153] - onRequestAccountLogin: registerName=456
S_INFO root [2019-03-04 11:56:52,363] - onRequestAccountLogin: registerName=678
S_INFO root [2019-03-04 11:56:55,892] - onRequestAccountLogin: registerName=789
S_INFO root [2019-03-04 12:00:17,668] - onRequestAccountLogin: registerName=789
S_INFO root [2019-03-04 12:00:21,139] - onRequestAccountLogin: registerName=890
S_INFO root [2019-03-04 12:00:27,839] - onRequestAccountLogin: registerName=012
  WARN root [2019-03-04 12:58:16,106] - TCPPacketReceiver::processPendingEvents(127.0.0.1:13440): Throwing REASON_GENERAL_NETWORK - WSAECONNRESET
  INFO root [2019-03-04 12:58:16,110] - Components::removeComponentByChannel: dbmgr : 4000, Normal exit!
