  INFO root [2019-03-01 13:33:29,331] - 
  INFO root [2019-03-01 13:33:29,331] - 
  INFO root [2019-03-01 13:33:29,332] - -----------------------------------------------------------------------------------------


  INFO root [2019-03-01 13:33:29,332] - -----------------------------------------------------------------------------------------


  INFO root [2019-03-01 13:33:29,333] - Resmgr::initialize: KBE_ROOT=D:/kbengine-2.4.2/
  INFO root [2019-03-01 13:33:29,333] - Resmgr::initialize: KBE_ROOT=D:/kbengine-2.4.2/
  INFO root [2019-03-01 13:33:29,334] - Resmgr::initialize: KBE_RES_PATH=D:/kbengine-2.4.2/kbe/res/;D:/kbengine-2.4.2/first_server_assets/;D:/kbengine-2.4.2/first_server_assets/scripts/;D:/kbengine-2.4.2/first_server_assets/res/
  INFO root [2019-03-01 13:33:29,334] - Resmgr::initialize: KBE_RES_PATH=D:/kbengine-2.4.2/kbe/res/;D:/kbengine-2.4.2/first_server_assets/;D:/kbengine-2.4.2/first_server_assets/scripts/;D:/kbengine-2.4.2/first_server_assets/res/
  INFO root [2019-03-01 13:33:29,334] - Resmgr::initialize: KBE_BIN_PATH=D:/kbengine-2.4.2/kbe/bin/server/
  INFO root [2019-03-01 13:33:29,334] - Resmgr::initialize: KBE_BIN_PATH=D:/kbengine-2.4.2/kbe/bin/server/
  INFO root [2019-03-01 13:33:29,367] - NetworkInterface::initialize(INTERNAL-TCP): bound to all interfaces with default route interface on 192.168.0.148 ( 192.168.0.148:14423 )
  INFO root [2019-03-01 13:33:29,367] - NetworkInterface::initialize(INTERNAL-TCP): bound to all interfaces with default route interface on 192.168.0.148 ( 192.168.0.148:14424 )
  INFO root [2019-03-01 13:33:29,367] - NetworkInterface::initialize(INTERNAL-TCP): address 192.168.0.148:14423, SOMAXCONN=5.
  INFO root [2019-03-01 13:33:29,367] - NetworkInterface::initialize(INTERNAL-TCP): address 192.168.0.148:14424, SOMAXCONN=5.
  INFO root [2019-03-01 13:33:29,429] - ---- tool Version: 2.4.2. ScriptVersion: 0.1.0. Pythoncore: 3.7.2. Protocol: 78D6E7A3B539900D86F0C2145E44AEB3. Config: Debug X86. Built: 17:19:50 Feb 27 2019. AppID  INFO root [2019-03-01 13:33:29,429] - ---- tool Version: 2.4.2. ScriptVersion: 0.1.0. Pythoncore: 3.7.2. Protocol: 78D6E7A3B539900D86F0C2145E44AEB3. Config: Debug X86. Built: 17:19:50 Feb 27 2019. AppID: 0. UID: 0. PID: 7132 ----
: 0. UID: 0. PID: 1276 ----
  INFO root [2019-03-01 13:33:29,430] - Server 19: Intel(R) Xeon(R) CPU E3-1231 v3 @ 3.40GHz with 2097151kB RAM
  INFO root [2019-03-01 13:33:29,430] - Server 19: Intel(R) Xeon(R) CPU E3-1231 v3 @ 3.40GHz with 2097151kB RAM
  INFO root [2019-03-01 13:33:29,434] - ThreadPool::createThreadPool: creating  threadpool...
  INFO root [2019-03-01 13:33:29,434] - ThreadPool::createThreadPool: creating  threadpool...
  INFO root [2019-03-01 13:33:29,434] - ThreadPool::createThreadPool: successfully(2), newThreadCount=1, normalMaxThreadCount=2, maxThreadCount=8
  INFO root [2019-03-01 13:33:29,434] - ThreadPool::createThreadPool: successfully(2), newThreadCount=1, normalMaxThreadCount=2, maxThreadCount=8
  INFO root [2019-03-01 13:33:30,681] - Script::install(): is successfully, Python=(3.7.2 (default, Feb 27 2019, 17:13:46) [MSC v.1916 32 bit (Intel)])!
  INFO root [2019-03-01 13:33:30,681] - Script::install(): is successfully, Python=(3.7.2 (default, Feb 27 2019, 17:13:46) [MSC v.1916 32 bit (Intel)])!
  INFO root [2019-03-01 13:33:30,681] - Script::install(): KBExtra is successfully!
  INFO root [2019-03-01 13:33:30,681] - Script::install(): KBExtra is successfully!
 DEBUG root [2019-03-01 13:33:32,475] - ClientSDK::writeServerErrorDescrsModule(): D:\kbengine-2.4.2\first_server_assets\/kbengine_unity3d_plugins//ServerErrorDescrs.cs
 DEBUG root [2019-03-01 13:33:32,521] - ClientSDK::saveFile(): D:\kbengine-2.4.2\first_server_assets\/kbengine_unity3d_plugins/ServerErrorDescrs.cs
 DEBUG root [2019-03-01 13:33:32,528] - ClientSDK::writeEngineMessagesModule(): D:\kbengine-2.4.2\first_server_assets\/kbengine_unity3d_plugins//Messages.cs
 DEBUG root [2019-03-01 13:33:32,562] - ClientSDK::saveFile(): D:\kbengine-2.4.2\first_server_assets\/kbengine_unity3d_plugins/Messages.cs
 DEBUG root [2019-03-01 13:33:32,569] - ClientSDK::saveFile(): D:\kbengine-2.4.2\first_server_assets\/kbengine_unity3d_plugins/KBETypes.cs
 DEBUG root [2019-03-01 13:33:32,572] - ClientSDK::writeEntityDefsModule(): D:\kbengine-2.4.2\first_server_assets\/kbengine_unity3d_plugins//EntityDef.cs
 DEBUG root [2019-03-01 13:33:32,574] - ClientSDK::saveFile(): D:\kbengine-2.4.2\first_server_assets\/kbengine_unity3d_plugins/EntityDef.cs
 DEBUG root [2019-03-01 13:33:32,583] - ClientSDK::saveFile(): D:\kbengine-2.4.2\first_server_assets\/kbengine_unity3d_plugins/CustomDataTypes.cs
 DEBUG root [2019-03-01 13:33:32,587] - ClientSDK::writeEntityModule(): D:\kbengine-2.4.2\first_server_assets\/kbengine_unity3d_plugins//Account
 DEBUG root [2019-03-01 13:33:32,588] - ClientSDK::saveFile(): D:\kbengine-2.4.2\first_server_assets\/kbengine_unity3d_plugins/AccountBase.cs
 DEBUG root [2019-03-01 13:33:32,595] - ClientSDK::saveFile(): D:\kbengine-2.4.2\first_server_assets\/kbengine_unity3d_plugins/EntityCallAccountBase.cs
 DEBUG root [2019-03-01 13:33:32,601] - ClientSDK::writeEntityModule(): D:\kbengine-2.4.2\first_server_assets\/kbengine_unity3d_plugins//Halls
 DEBUG root [2019-03-01 13:33:32,602] - ClientSDK::saveFile(): D:\kbengine-2.4.2\first_server_assets\/kbengine_unity3d_plugins/HallsBase.cs
 DEBUG root [2019-03-01 13:33:32,609] - ClientSDK::saveFile(): D:\kbengine-2.4.2\first_server_assets\/kbengine_unity3d_plugins/EntityCallHallsBase.cs
 DEBUG root [2019-03-01 13:33:32,613] - ClientSDK::writeEntityModule(): D:\kbengine-2.4.2\first_server_assets\/kbengine_unity3d_plugins//Room
 DEBUG root [2019-03-01 13:33:32,614] - ClientSDK::saveFile(): D:\kbengine-2.4.2\first_server_assets\/kbengine_unity3d_plugins/RoomBase.cs
 DEBUG root [2019-03-01 13:33:32,616] - ClientSDK::saveFile(): D:\kbengine-2.4.2\first_server_assets\/kbengine_unity3d_plugins/EntityCallRoomBase.cs
  INFO root [2019-03-01 13:33:32,660] - Script::uninstall(): is successfully!
 DEBUG root [2019-03-01 13:33:32,660] - ThreadPool::destroy(): starting size 2.
 DEBUG root [2019-03-01 13:33:32,890] - ClientSDK::writeServerErrorDescrsModule(): D:\kbengine-2.4.2\first_server_assets\/kbengine_ue4_plugins//
 DEBUG root [2019-03-01 13:33:32,891] - ClientSDK::saveFile(): D:\kbengine-2.4.2\first_server_assets\/kbengine_ue4_plugins/Source/KBEnginePlugins/Engine/ServerErrorDescrs.h
 DEBUG root [2019-03-01 13:33:32,895] - ClientSDK::writeEngineMessagesModule(): D:\kbengine-2.4.2\first_server_assets\/kbengine_ue4_plugins//Messages.cpp
 DEBUG root [2019-03-01 13:33:32,902] - ClientSDK::saveFile(): D:\kbengine-2.4.2\first_server_assets\/kbengine_ue4_plugins/Source/KBEnginePlugins/Engine/Messages.cpp
 DEBUG root [2019-03-01 13:33:32,910] - ClientSDK::saveFile(): D:\kbengine-2.4.2\first_server_assets\/kbengine_ue4_plugins/Source/KBEnginePlugins/Engine/Messages.h
 DEBUG root [2019-03-01 13:33:32,921] - ClientSDK::saveFile(): D:\kbengine-2.4.2\first_server_assets\/kbengine_ue4_plugins/Source/KBEnginePlugins/Engine/KBETypes.h
 DEBUG root [2019-03-01 13:33:32,930] - ClientSDK::writeEntityDefsModule(): D:\kbengine-2.4.2\first_server_assets\/kbengine_ue4_plugins//EntityDef.cpp
 DEBUG root [2019-03-01 13:33:32,950] - ClientSDK::saveFile(): D:\kbengine-2.4.2\first_server_assets\/kbengine_ue4_plugins/Source/KBEnginePlugins/Engine/EntityDef.cpp
 DEBUG root [2019-03-01 13:33:32,955] - ClientSDK::saveFile(): D:\kbengine-2.4.2\first_server_assets\/kbengine_ue4_plugins/Source/KBEnginePlugins/Engine/EntityDef.h
 DEBUG root [2019-03-01 13:33:32,960] - ClientSDK::saveFile(): D:\kbengine-2.4.2\first_server_assets\/kbengine_ue4_plugins/Source/KBEnginePlugins/Engine/CustomDataTypes.cpp
  WARN root [2019-03-01 13:33:32,961] - ThreadPool::destroy(): waiting for thread(2)[0x8bc9f0,0x8bd070,], try=1
 DEBUG root [2019-03-01 13:33:32,964] - ClientSDK::saveFile(): D:\kbengine-2.4.2\first_server_assets\/kbengine_ue4_plugins/Source/KBEnginePlugins/Engine/CustomDataTypes.h
 DEBUG root [2019-03-01 13:33:32,968] - ClientSDK::writeEntityModule(): D:\kbengine-2.4.2\first_server_assets\/kbengine_ue4_plugins/Source/KBEnginePlugins/Engine//Account
 DEBUG root [2019-03-01 13:33:32,975] - ClientSDK::saveFile(): D:\kbengine-2.4.2\first_server_assets\/kbengine_ue4_plugins/Source/KBEnginePlugins/Engine/AccountBase.cpp
 DEBUG root [2019-03-01 13:33:32,980] - ClientSDK::saveFile(): D:\kbengine-2.4.2\first_server_assets\/kbengine_ue4_plugins/Source/KBEnginePlugins/Engine/AccountBase.h
 DEBUG root [2019-03-01 13:33:32,984] - ClientSDK::saveFile(): D:\kbengine-2.4.2\first_server_assets\/kbengine_ue4_plugins/Source/KBEnginePlugins/Engine/EntityCallAccountBase.cpp
 DEBUG root [2019-03-01 13:33:32,988] - ClientSDK::saveFile(): D:\kbengine-2.4.2\first_server_assets\/kbengine_ue4_plugins/Source/KBEnginePlugins/Engine/EntityCallAccountBase.h
 DEBUG root [2019-03-01 13:33:32,991] - ClientSDK::writeEntityModule(): D:\kbengine-2.4.2\first_server_assets\/kbengine_ue4_plugins/Source/KBEnginePlugins/Engine//Halls
 DEBUG root [2019-03-01 13:33:32,992] - ClientSDK::saveFile(): D:\kbengine-2.4.2\first_server_assets\/kbengine_ue4_plugins/Source/KBEnginePlugins/Engine/HallsBase.cpp
 DEBUG root [2019-03-01 13:33:32,998] - ClientSDK::saveFile(): D:\kbengine-2.4.2\first_server_assets\/kbengine_ue4_plugins/Source/KBEnginePlugins/Engine/HallsBase.h
 DEBUG root [2019-03-01 13:33:33,003] - ClientSDK::saveFile(): D:\kbengine-2.4.2\first_server_assets\/kbengine_ue4_plugins/Source/KBEnginePlugins/Engine/EntityCallHallsBase.cpp
 DEBUG root [2019-03-01 13:33:33,007] - ClientSDK::saveFile(): D:\kbengine-2.4.2\first_server_assets\/kbengine_ue4_plugins/Source/KBEnginePlugins/Engine/EntityCallHallsBase.h
 DEBUG root [2019-03-01 13:33:33,010] - ClientSDK::writeEntityModule(): D:\kbengine-2.4.2\first_server_assets\/kbengine_ue4_plugins/Source/KBEnginePlugins/Engine//Room
 DEBUG root [2019-03-01 13:33:33,011] - ClientSDK::saveFile(): D:\kbengine-2.4.2\first_server_assets\/kbengine_ue4_plugins/Source/KBEnginePlugins/Engine/RoomBase.cpp
 DEBUG root [2019-03-01 13:33:33,016] - ClientSDK::saveFile(): D:\kbengine-2.4.2\first_server_assets\/kbengine_ue4_plugins/Source/KBEnginePlugins/Engine/RoomBase.h
 DEBUG root [2019-03-01 13:33:33,022] - ClientSDK::saveFile(): D:\kbengine-2.4.2\first_server_assets\/kbengine_ue4_plugins/Source/KBEnginePlugins/Engine/EntityCallRoomBase.cpp
 DEBUG root [2019-03-01 13:33:33,026] - ClientSDK::saveFile(): D:\kbengine-2.4.2\first_server_assets\/kbengine_ue4_plugins/Source/KBEnginePlugins/Engine/EntityCallRoomBase.h
  INFO root [2019-03-01 13:33:33,038] - Script::uninstall(): is successfully!
 DEBUG root [2019-03-01 13:33:33,038] - ThreadPool::destroy(): starting size 2.
  WARN root [2019-03-01 13:33:33,340] - ThreadPool::destroy(): waiting for thread(2)[0xd8cf18,0xd8d328,], try=1
 DEBUG root [2019-03-01 13:33:33,363] - TPThread::~TPThread(): 0x8bc9f0
 DEBUG root [2019-03-01 13:33:33,363] - TPThread::~TPThread(): 0x8bd070
 DEBUG root [2019-03-01 13:33:33,363] - ThreadPool::destroy(): successfully!
 DEBUG root [2019-03-01 13:33:33,386] - Bundle::destroyObjPool(): size 13.
 DEBUG root [2019-03-01 13:33:33,386] - Channel::destroyObjPool(): size 0.
 DEBUG root [2019-03-01 13:33:33,387] - TCPPacket::destroyObjPool(): size 0.
 DEBUG root [2019-03-01 13:33:33,387] - UDPPacket::destroyObjPool(): size 0.
 DEBUG root [2019-03-01 13:33:33,387] - EndPoint::destroyObjPool(): size 0.
 DEBUG root [2019-03-01 13:33:33,387] - Address::destroyObjPool(): size 0.
 DEBUG root [2019-03-01 13:33:33,387] - TCPPacketReceiver::destroyObjPool(): size 0.
 DEBUG root [2019-03-01 13:33:33,387] - UDPPacketReceiver::destroyObjPool(): size 0.
  INFO root [2019-03-01 13:33:33,387] - tool(0) has shut down. ClientSDK=true
 DEBUG root [2019-03-01 13:33:33,742] - TPThread::~TPThread(): 0xd8cf18
 DEBUG root [2019-03-01 13:33:33,742] - TPThread::~TPThread(): 0xd8d328
 DEBUG root [2019-03-01 13:33:33,742] - ThreadPool::destroy(): successfully!
 DEBUG root [2019-03-01 13:33:33,751] - Bundle::destroyObjPool(): size 4.
 DEBUG root [2019-03-01 13:33:33,751] - Channel::destroyObjPool(): size 0.
 DEBUG root [2019-03-01 13:33:33,752] - TCPPacket::destroyObjPool(): size 0.
 DEBUG root [2019-03-01 13:33:33,752] - UDPPacket::destroyObjPool(): size 0.
 DEBUG root [2019-03-01 13:33:33,752] - EndPoint::destroyObjPool(): size 0.
 DEBUG root [2019-03-01 13:33:33,752] - Address::destroyObjPool(): size 0.
 DEBUG root [2019-03-01 13:33:33,752] - TCPPacketReceiver::destroyObjPool(): size 0.
 DEBUG root [2019-03-01 13:33:33,752] - UDPPacketReceiver::destroyObjPool(): size 0.
  INFO root [2019-03-01 13:33:33,752] - tool(0) has shut down. ClientSDK=true
  INFO root [2019-03-01 13:33:34,520] - EventDispatcher()::~EventDispatcher: Num timers = 2
  INFO root [2019-03-01 13:33:34,754] - EventDispatcher()::~EventDispatcher: Num timers = 2
  INFO root [2019-03-01 18:56:39,827] - 
  INFO root [2019-03-01 18:56:39,827] - -----------------------------------------------------------------------------------------


  INFO root [2019-03-01 18:56:39,827] - Resmgr::initialize: KBE_ROOT=D:/kbengine-2.4.2/
  INFO root [2019-03-01 18:56:39,828] - Resmgr::initialize: KBE_RES_PATH=D:/kbengine-2.4.2/kbe/res/;D:/kbengine-2.4.2/first_server_assets/;D:/kbengine-2.4.2/first_server_assets/scripts/;D:/kbengine-2.4.2/first_server_assets/res/
  INFO root [2019-03-01 18:56:39,828] - Resmgr::initialize: KBE_BIN_PATH=D:/kbengine-2.4.2/kbe/bin/server/
  INFO root [2019-03-01 18:56:39,832] - NetworkInterface::initialize(INTERNAL-TCP): bound to all interfaces with default route interface on 192.168.0.148 ( 192.168.0.148:9739 )
  INFO root [2019-03-01 18:56:39,832] - NetworkInterface::initialize(INTERNAL-TCP): address 192.168.0.148:9739, SOMAXCONN=5.
  INFO root [2019-03-01 18:56:39,835] - 
  INFO root [2019-03-01 18:56:39,835] - ---- tool Version: 2.4.2. ScriptVersion: 0.1.0. Pythoncore: 3.7.2. Protocol: 78D6E7A3B539900D86F0C2145E44AEB3. Config: Debug X86. Built: 17:19:50 Feb 27 2019. AppID: 0. UID: 0. PID: 10768 ----
  INFO root [2019-03-01 18:56:39,836] - -----------------------------------------------------------------------------------------


  INFO root [2019-03-01 18:56:39,836] - Server 19: Intel(R) Xeon(R) CPU E3-1231 v3 @ 3.40GHz with 2097151kB RAM
  INFO root [2019-03-01 18:56:39,836] - Resmgr::initialize: KBE_ROOT=D:/kbengine-2.4.2/
  INFO root [2019-03-01 18:56:39,836] - ThreadPool::createThreadPool: creating  threadpool...
  INFO root [2019-03-01 18:56:39,836] - Resmgr::initialize: KBE_RES_PATH=D:/kbengine-2.4.2/kbe/res/;D:/kbengine-2.4.2/first_server_assets/;D:/kbengine-2.4.2/first_server_assets/scripts/;D:/kbengine-2.4.2/first_server_assets/res/
  INFO root [2019-03-01 18:56:39,836] - Resmgr::initialize: KBE_BIN_PATH=D:/kbengine-2.4.2/kbe/bin/server/
  INFO root [2019-03-01 18:56:39,836] - ThreadPool::createThreadPool: successfully(2), newThreadCount=1, normalMaxThreadCount=2, maxThreadCount=8
  INFO root [2019-03-01 18:56:39,838] - NetworkInterface::initialize(INTERNAL-TCP): bound to all interfaces with default route interface on 192.168.0.148 ( 192.168.0.148:9740 )
  INFO root [2019-03-01 18:56:39,838] - NetworkInterface::initialize(INTERNAL-TCP): address 192.168.0.148:9740, SOMAXCONN=5.
  INFO root [2019-03-01 18:56:39,838] - ---- tool Version: 2.4.2. ScriptVersion: 0.1.0. Pythoncore: 3.7.2. Protocol: 78D6E7A3B539900D86F0C2145E44AEB3. Config: Debug X86. Built: 17:19:50 Feb 27 2019. AppID: 0. UID: 0. PID: 2924 ----
  INFO root [2019-03-01 18:56:39,838] - Server 19: Intel(R) Xeon(R) CPU E3-1231 v3 @ 3.40GHz with 2097151kB RAM
  INFO root [2019-03-01 18:56:39,838] - ThreadPool::createThreadPool: creating  threadpool...
  INFO root [2019-03-01 18:56:39,838] - ThreadPool::createThreadPool: successfully(2), newThreadCount=1, normalMaxThreadCount=2, maxThreadCount=8
  INFO root [2019-03-01 18:56:40,018] - Script::install(): is successfully, Python=(3.7.2 (default, Feb 27 2019, 17:13:46) [MSC v.1916 32 bit (Intel)])!
  INFO root [2019-03-01 18:56:40,018] - Script::install(): KBExtra is successfully!
  INFO root [2019-03-01 18:56:40,018] - Script::install(): is successfully, Python=(3.7.2 (default, Feb 27 2019, 17:13:46) [MSC v.1916 32 bit (Intel)])!
  INFO root [2019-03-01 18:56:40,018] - Script::install(): KBExtra is successfully!
 DEBUG root [2019-03-01 18:56:40,718] - ClientSDK::writeServerErrorDescrsModule(): D:\kbengine-2.4.2\first_server_assets\/kbengine_unity3d_plugins//ServerErrorDescrs.cs
 DEBUG root [2019-03-01 18:56:40,718] - ClientSDK::saveFile(): D:\kbengine-2.4.2\first_server_assets\/kbengine_unity3d_plugins/ServerErrorDescrs.cs
 DEBUG root [2019-03-01 18:56:40,728] - ClientSDK::writeEngineMessagesModule(): D:\kbengine-2.4.2\first_server_assets\/kbengine_unity3d_plugins//Messages.cs
 DEBUG root [2019-03-01 18:56:40,732] - ClientSDK::saveFile(): D:\kbengine-2.4.2\first_server_assets\/kbengine_unity3d_plugins/Messages.cs
 DEBUG root [2019-03-01 18:56:40,738] - ClientSDK::saveFile(): D:\kbengine-2.4.2\first_server_assets\/kbengine_unity3d_plugins/KBETypes.cs
 DEBUG root [2019-03-01 18:56:40,738] - ClientSDK::writeEntityDefsModule(): D:\kbengine-2.4.2\first_server_assets\/kbengine_unity3d_plugins//EntityDef.cs
 DEBUG root [2019-03-01 18:56:40,738] - ClientSDK::saveFile(): D:\kbengine-2.4.2\first_server_assets\/kbengine_unity3d_plugins/EntityDef.cs
 DEBUG root [2019-03-01 18:56:40,753] - ClientSDK::saveFile(): D:\kbengine-2.4.2\first_server_assets\/kbengine_unity3d_plugins/CustomDataTypes.cs
 DEBUG root [2019-03-01 18:56:40,756] - ClientSDK::writeEntityModule(): D:\kbengine-2.4.2\first_server_assets\/kbengine_unity3d_plugins//Account
 DEBUG root [2019-03-01 18:56:40,757] - ClientSDK::saveFile(): D:\kbengine-2.4.2\first_server_assets\/kbengine_unity3d_plugins/AccountBase.cs
 DEBUG root [2019-03-01 18:56:40,764] - ClientSDK::saveFile(): D:\kbengine-2.4.2\first_server_assets\/kbengine_unity3d_plugins/EntityCallAccountBase.cs
 DEBUG root [2019-03-01 18:56:40,768] - ClientSDK::writeEntityModule(): D:\kbengine-2.4.2\first_server_assets\/kbengine_unity3d_plugins//Halls
 DEBUG root [2019-03-01 18:56:40,769] - ClientSDK::saveFile(): D:\kbengine-2.4.2\first_server_assets\/kbengine_unity3d_plugins/HallsBase.cs
 DEBUG root [2019-03-01 18:56:40,775] - ClientSDK::saveFile(): D:\kbengine-2.4.2\first_server_assets\/kbengine_unity3d_plugins/EntityCallHallsBase.cs
 DEBUG root [2019-03-01 18:56:40,779] - ClientSDK::writeEntityModule(): D:\kbengine-2.4.2\first_server_assets\/kbengine_unity3d_plugins//Room
 DEBUG root [2019-03-01 18:56:40,780] - ClientSDK::saveFile(): D:\kbengine-2.4.2\first_server_assets\/kbengine_unity3d_plugins/RoomBase.cs
 DEBUG root [2019-03-01 18:56:40,783] - ClientSDK::writeServerErrorDescrsModule(): D:\kbengine-2.4.2\first_server_assets\/kbengine_ue4_plugins//
 DEBUG root [2019-03-01 18:56:40,784] - ClientSDK::saveFile(): D:\kbengine-2.4.2\first_server_assets\/kbengine_ue4_plugins/Source/KBEnginePlugins/Engine/ServerErrorDescrs.h
 DEBUG root [2019-03-01 18:56:40,786] - ClientSDK::saveFile(): D:\kbengine-2.4.2\first_server_assets\/kbengine_unity3d_plugins/EntityCallRoomBase.cs
 DEBUG root [2019-03-01 18:56:40,788] - ClientSDK::writeEngineMessagesModule(): D:\kbengine-2.4.2\first_server_assets\/kbengine_ue4_plugins//Messages.cpp
 DEBUG root [2019-03-01 18:56:40,788] - ClientSDK::saveFile(): D:\kbengine-2.4.2\first_server_assets\/kbengine_ue4_plugins/Source/KBEnginePlugins/Engine/Messages.cpp
  INFO root [2019-03-01 18:56:40,793] - Script::uninstall(): is successfully!
 DEBUG root [2019-03-01 18:56:40,793] - ClientSDK::saveFile(): D:\kbengine-2.4.2\first_server_assets\/kbengine_ue4_plugins/Source/KBEnginePlugins/Engine/Messages.h
 DEBUG root [2019-03-01 18:56:40,793] - ThreadPool::destroy(): starting size 2.
 DEBUG root [2019-03-01 18:56:40,802] - ClientSDK::saveFile(): D:\kbengine-2.4.2\first_server_assets\/kbengine_ue4_plugins/Source/KBEnginePlugins/Engine/KBETypes.h
 DEBUG root [2019-03-01 18:56:40,802] - ClientSDK::writeEntityDefsModule(): D:\kbengine-2.4.2\first_server_assets\/kbengine_ue4_plugins//EntityDef.cpp
 DEBUG root [2019-03-01 18:56:40,802] - ClientSDK::saveFile(): D:\kbengine-2.4.2\first_server_assets\/kbengine_ue4_plugins/Source/KBEnginePlugins/Engine/EntityDef.cpp
 DEBUG root [2019-03-01 18:56:40,808] - ClientSDK::saveFile(): D:\kbengine-2.4.2\first_server_assets\/kbengine_ue4_plugins/Source/KBEnginePlugins/Engine/EntityDef.h
 DEBUG root [2019-03-01 18:56:40,808] - ClientSDK::saveFile(): D:\kbengine-2.4.2\first_server_assets\/kbengine_ue4_plugins/Source/KBEnginePlugins/Engine/CustomDataTypes.cpp
 DEBUG root [2019-03-01 18:56:40,818] - ClientSDK::saveFile(): D:\kbengine-2.4.2\first_server_assets\/kbengine_ue4_plugins/Source/KBEnginePlugins/Engine/CustomDataTypes.h
 DEBUG root [2019-03-01 18:56:40,818] - ClientSDK::writeEntityModule(): D:\kbengine-2.4.2\first_server_assets\/kbengine_ue4_plugins/Source/KBEnginePlugins/Engine//Account
 DEBUG root [2019-03-01 18:56:40,818] - ClientSDK::saveFile(): D:\kbengine-2.4.2\first_server_assets\/kbengine_ue4_plugins/Source/KBEnginePlugins/Engine/AccountBase.cpp
 DEBUG root [2019-03-01 18:56:40,818] - ClientSDK::saveFile(): D:\kbengine-2.4.2\first_server_assets\/kbengine_ue4_plugins/Source/KBEnginePlugins/Engine/AccountBase.h
 DEBUG root [2019-03-01 18:56:40,828] - ClientSDK::saveFile(): D:\kbengine-2.4.2\first_server_assets\/kbengine_ue4_plugins/Source/KBEnginePlugins/Engine/EntityCallAccountBase.cpp
 DEBUG root [2019-03-01 18:56:40,828] - ClientSDK::saveFile(): D:\kbengine-2.4.2\first_server_assets\/kbengine_ue4_plugins/Source/KBEnginePlugins/Engine/EntityCallAccountBase.h
 DEBUG root [2019-03-01 18:56:40,828] - ClientSDK::writeEntityModule(): D:\kbengine-2.4.2\first_server_assets\/kbengine_ue4_plugins/Source/KBEnginePlugins/Engine//Halls
 DEBUG root [2019-03-01 18:56:40,828] - ClientSDK::saveFile(): D:\kbengine-2.4.2\first_server_assets\/kbengine_ue4_plugins/Source/KBEnginePlugins/Engine/HallsBase.cpp
 DEBUG root [2019-03-01 18:56:40,838] - ClientSDK::saveFile(): D:\kbengine-2.4.2\first_server_assets\/kbengine_ue4_plugins/Source/KBEnginePlugins/Engine/HallsBase.h
 DEBUG root [2019-03-01 18:56:40,838] - ClientSDK::saveFile(): D:\kbengine-2.4.2\first_server_assets\/kbengine_ue4_plugins/Source/KBEnginePlugins/Engine/EntityCallHallsBase.cpp
 DEBUG root [2019-03-01 18:56:40,838] - ClientSDK::saveFile(): D:\kbengine-2.4.2\first_server_assets\/kbengine_ue4_plugins/Source/KBEnginePlugins/Engine/EntityCallHallsBase.h
 DEBUG root [2019-03-01 18:56:40,848] - ClientSDK::writeEntityModule(): D:\kbengine-2.4.2\first_server_assets\/kbengine_ue4_plugins/Source/KBEnginePlugins/Engine//Room
 DEBUG root [2019-03-01 18:56:40,848] - ClientSDK::saveFile(): D:\kbengine-2.4.2\first_server_assets\/kbengine_ue4_plugins/Source/KBEnginePlugins/Engine/RoomBase.cpp
 DEBUG root [2019-03-01 18:56:40,848] - ClientSDK::saveFile(): D:\kbengine-2.4.2\first_server_assets\/kbengine_ue4_plugins/Source/KBEnginePlugins/Engine/RoomBase.h
 DEBUG root [2019-03-01 18:56:40,858] - ClientSDK::saveFile(): D:\kbengine-2.4.2\first_server_assets\/kbengine_ue4_plugins/Source/KBEnginePlugins/Engine/EntityCallRoomBase.cpp
 DEBUG root [2019-03-01 18:56:40,860] - ClientSDK::saveFile(): D:\kbengine-2.4.2\first_server_assets\/kbengine_ue4_plugins/Source/KBEnginePlugins/Engine/EntityCallRoomBase.h
  INFO root [2019-03-01 18:56:40,871] - Script::uninstall(): is successfully!
 DEBUG root [2019-03-01 18:56:40,871] - ThreadPool::destroy(): starting size 2.
  WARN root [2019-03-01 18:56:41,098] - ThreadPool::destroy(): waiting for thread(2)[0x700490,0x700cb0,], try=1
  WARN root [2019-03-01 18:56:41,178] - ThreadPool::destroy(): waiting for thread(2)[0x11d900,0x11d420,], try=1
 DEBUG root [2019-03-01 18:56:41,501] - TPThread::~TPThread(): 0x700490
 DEBUG root [2019-03-01 18:56:41,502] - TPThread::~TPThread(): 0x700cb0
 DEBUG root [2019-03-01 18:56:41,502] - ThreadPool::destroy(): successfully!
 DEBUG root [2019-03-01 18:56:41,512] - Bundle::destroyObjPool(): size 13.
 DEBUG root [2019-03-01 18:56:41,512] - Channel::destroyObjPool(): size 0.
 DEBUG root [2019-03-01 18:56:41,512] - TCPPacket::destroyObjPool(): size 0.
 DEBUG root [2019-03-01 18:56:41,512] - UDPPacket::destroyObjPool(): size 0.
 DEBUG root [2019-03-01 18:56:41,518] - EndPoint::destroyObjPool(): size 0.
 DEBUG root [2019-03-01 18:56:41,518] - Address::destroyObjPool(): size 0.
 DEBUG root [2019-03-01 18:56:41,518] - TCPPacketReceiver::destroyObjPool(): size 0.
 DEBUG root [2019-03-01 18:56:41,518] - UDPPacketReceiver::destroyObjPool(): size 0.
  INFO root [2019-03-01 18:56:41,518] - tool(0) has shut down. ClientSDK=true
 DEBUG root [2019-03-01 18:56:41,598] - TPThread::~TPThread(): 0x11d900
 DEBUG root [2019-03-01 18:56:41,598] - TPThread::~TPThread(): 0x11d420
 DEBUG root [2019-03-01 18:56:41,600] - ThreadPool::destroy(): successfully!
 DEBUG root [2019-03-01 18:56:41,633] - Bundle::destroyObjPool(): size 4.
 DEBUG root [2019-03-01 18:56:41,633] - Channel::destroyObjPool(): size 0.
 DEBUG root [2019-03-01 18:56:41,633] - TCPPacket::destroyObjPool(): size 0.
 DEBUG root [2019-03-01 18:56:41,633] - UDPPacket::destroyObjPool(): size 0.
 DEBUG root [2019-03-01 18:56:41,633] - EndPoint::destroyObjPool(): size 0.
 DEBUG root [2019-03-01 18:56:41,638] - Address::destroyObjPool(): size 0.
 DEBUG root [2019-03-01 18:56:41,638] - TCPPacketReceiver::destroyObjPool(): size 0.
 DEBUG root [2019-03-01 18:56:41,638] - UDPPacketReceiver::destroyObjPool(): size 0.
  INFO root [2019-03-01 18:56:41,638] - tool(0) has shut down. ClientSDK=true
  INFO root [2019-03-01 18:56:42,528] - EventDispatcher()::~EventDispatcher: Num timers = 2
  INFO root [2019-03-01 18:56:42,648] - EventDispatcher()::~EventDispatcher: Num timers = 2
  INFO root [2019-03-02 10:05:53,669] - 
  INFO root [2019-03-02 10:05:53,669] - -----------------------------------------------------------------------------------------


  INFO root [2019-03-02 10:05:53,669] - Resmgr::initialize: KBE_ROOT=D:/kbengine-2.4.2/
  INFO root [2019-03-02 10:05:53,669] - Resmgr::initialize: KBE_RES_PATH=D:/kbengine-2.4.2/kbe/res/;D:/kbengine-2.4.2/first_server_assets/;D:/kbengine-2.4.2/first_server_assets/scripts/;D:/kbengine-2.4.2/first_server_assets/res/
  INFO root [2019-03-02 10:05:53,669] - Resmgr::initialize: KBE_BIN_PATH=D:/kbengine-2.4.2/kbe/bin/server/
  INFO root [2019-03-02 10:05:53,669] - NetworkInterface::initialize(INTERNAL-TCP): bound to all interfaces with default route interface on 192.168.0.148 ( 192.168.0.148:2032 )
  INFO root [2019-03-02 10:05:53,669] - NetworkInterface::initialize(INTERNAL-TCP): address 192.168.0.148:2032, SOMAXCONN=5.
  INFO root [2019-03-02 10:05:53,669] - ---- tool Version: 2.4.2. ScriptVersion: 0.1.0. Pythoncore: 3.7.2. Protocol: 78D6E7A3B539900D86F0C2145E44AEB3. Config: Debug X86. Built: 17:19:50 Feb 27 2019. AppID: 0. UID: 28936. PID: 7912 ----
  INFO root [2019-03-02 10:05:53,669] - Server 19: Intel(R) Xeon(R) CPU E3-1231 v3 @ 3.40GHz with 2097151kB RAM
  INFO root [2019-03-02 10:05:53,684] - ThreadPool::createThreadPool: creating  threadpool...
  INFO root [2019-03-02 10:05:53,684] - ThreadPool::createThreadPool: successfully(2), newThreadCount=1, normalMaxThreadCount=2, maxThreadCount=8
  INFO root [2019-03-02 10:05:53,856] - Script::install(): is successfully, Python=(3.7.2 (default, Feb 27 2019, 17:13:46) [MSC v.1916 32 bit (Intel)])!
  INFO root [2019-03-02 10:05:53,856] - Script::install(): KBExtra is successfully!
  INFO root [2019-03-02 10:05:54,390] - 
  INFO root [2019-03-02 10:05:54,390] - -----------------------------------------------------------------------------------------


  INFO root [2019-03-02 10:05:54,390] - Resmgr::initialize: KBE_ROOT=D:/kbengine-2.4.2/
  INFO root [2019-03-02 10:05:54,390] - Resmgr::initialize: KBE_RES_PATH=D:/kbengine-2.4.2/kbe/res/;D:/kbengine-2.4.2/first_server_assets/;D:/kbengine-2.4.2/first_server_assets/scripts/;D:/kbengine-2.4.2/first_server_assets/res/
  INFO root [2019-03-02 10:05:54,390] - Resmgr::initialize: KBE_BIN_PATH=D:/kbengine-2.4.2/kbe/bin/server/
  INFO root [2019-03-02 10:05:54,390] - NetworkInterface::initialize(INTERNAL-TCP): bound to all interfaces with default route interface on 192.168.0.148 ( 192.168.0.148:2035 )
  INFO root [2019-03-02 10:05:54,390] - NetworkInterface::initialize(INTERNAL-TCP): address 192.168.0.148:2035, SOMAXCONN=5.
  INFO root [2019-03-02 10:05:54,390] - ---- tool Version: 2.4.2. ScriptVersion: 0.1.0. Pythoncore: 3.7.2. Protocol: 78D6E7A3B539900D86F0C2145E44AEB3. Config: Debug X86. Built: 17:19:50 Feb 27 2019. AppID: 0. UID: 28936. PID: 12372 ----
  INFO root [2019-03-02 10:05:54,390] - Server 19: Intel(R) Xeon(R) CPU E3-1231 v3 @ 3.40GHz with 2097151kB RAM
  INFO root [2019-03-02 10:05:54,390] - ThreadPool::createThreadPool: creating  threadpool...
  INFO root [2019-03-02 10:05:54,390] - ThreadPool::createThreadPool: successfully(2), newThreadCount=1, normalMaxThreadCount=2, maxThreadCount=8
  INFO root [2019-03-02 10:05:54,578] - Script::install(): is successfully, Python=(3.7.2 (default, Feb 27 2019, 17:13:46) [MSC v.1916 32 bit (Intel)])!
  INFO root [2019-03-02 10:05:54,578] - Script::install(): KBExtra is successfully!
 DEBUG root [2019-03-02 10:05:54,799] - ClientSDK::writeServerErrorDescrsModule(): D:/kbengine-2.4.2/first_server_assets//_tmp/Unity//ServerErrorDescrs.cs
 DEBUG root [2019-03-02 10:05:54,799] - ClientSDK::saveFile(): D:/kbengine-2.4.2/first_server_assets//_tmp/Unity/ServerErrorDescrs.cs
 DEBUG root [2019-03-02 10:05:54,815] - ClientSDK::writeEngineMessagesModule(): D:/kbengine-2.4.2/first_server_assets//_tmp/Unity//Messages.cs
 DEBUG root [2019-03-02 10:05:54,815] - ClientSDK::saveFile(): D:/kbengine-2.4.2/first_server_assets//_tmp/Unity/Messages.cs
 DEBUG root [2019-03-02 10:05:54,830] - ClientSDK::saveFile(): D:/kbengine-2.4.2/first_server_assets//_tmp/Unity/KBETypes.cs
 DEBUG root [2019-03-02 10:05:54,830] - ClientSDK::writeEntityDefsModule(): D:/kbengine-2.4.2/first_server_assets//_tmp/Unity//EntityDef.cs
 DEBUG root [2019-03-02 10:05:54,830] - ClientSDK::saveFile(): D:/kbengine-2.4.2/first_server_assets//_tmp/Unity/EntityDef.cs
 DEBUG root [2019-03-02 10:05:54,846] - ClientSDK::saveFile(): D:/kbengine-2.4.2/first_server_assets//_tmp/Unity/CustomDataTypes.cs
 DEBUG root [2019-03-02 10:05:54,846] - ClientSDK::writeEntityModule(): D:/kbengine-2.4.2/first_server_assets//_tmp/Unity//Account
 DEBUG root [2019-03-02 10:05:54,861] - ClientSDK::saveFile(): D:/kbengine-2.4.2/first_server_assets//_tmp/Unity/AccountBase.cs
 DEBUG root [2019-03-02 10:05:54,861] - ClientSDK::saveFile(): D:/kbengine-2.4.2/first_server_assets//_tmp/Unity/EntityCallAccountBase.cs
 DEBUG root [2019-03-02 10:05:54,861] - ClientSDK::writeEntityModule(): D:/kbengine-2.4.2/first_server_assets//_tmp/Unity//Halls
 DEBUG root [2019-03-02 10:05:54,861] - ClientSDK::saveFile(): D:/kbengine-2.4.2/first_server_assets//_tmp/Unity/HallsBase.cs
 DEBUG root [2019-03-02 10:05:54,877] - ClientSDK::saveFile(): D:/kbengine-2.4.2/first_server_assets//_tmp/Unity/EntityCallHallsBase.cs
 DEBUG root [2019-03-02 10:05:54,877] - ClientSDK::writeEntityModule(): D:/kbengine-2.4.2/first_server_assets//_tmp/Unity//Room
 DEBUG root [2019-03-02 10:05:54,877] - ClientSDK::saveFile(): D:/kbengine-2.4.2/first_server_assets//_tmp/Unity/RoomBase.cs
 DEBUG root [2019-03-02 10:05:54,893] - ClientSDK::saveFile(): D:/kbengine-2.4.2/first_server_assets//_tmp/Unity/EntityCallRoomBase.cs
  INFO root [2019-03-02 10:05:54,908] - Script::uninstall(): is successfully!
 DEBUG root [2019-03-02 10:05:54,908] - ThreadPool::destroy(): starting size 2.
  WARN root [2019-03-02 10:05:55,221] - ThreadPool::destroy(): waiting for thread(2)[0x21fd80,0x21f768,], try=1
 DEBUG root [2019-03-02 10:05:55,644] - TPThread::~TPThread(): 0x21fd80
 DEBUG root [2019-03-02 10:05:55,644] - TPThread::~TPThread(): 0x21f768
 DEBUG root [2019-03-02 10:05:55,644] - ThreadPool::destroy(): successfully!
 DEBUG root [2019-03-02 10:05:55,644] - Bundle::destroyObjPool(): size 13.
 DEBUG root [2019-03-02 10:05:55,644] - Channel::destroyObjPool(): size 0.
 DEBUG root [2019-03-02 10:05:55,644] - TCPPacket::destroyObjPool(): size 0.
 DEBUG root [2019-03-02 10:05:55,644] - UDPPacket::destroyObjPool(): size 0.
 DEBUG root [2019-03-02 10:05:55,644] - EndPoint::destroyObjPool(): size 0.
 DEBUG root [2019-03-02 10:05:55,644] - Address::destroyObjPool(): size 0.
 DEBUG root [2019-03-02 10:05:55,644] - TCPPacketReceiver::destroyObjPool(): size 0.
 DEBUG root [2019-03-02 10:05:55,644] - UDPPacketReceiver::destroyObjPool(): size 0.
  INFO root [2019-03-02 10:05:55,644] - tool(0) has shut down. ClientSDK=true
 DEBUG root [2019-03-02 10:05:56,367] - ClientSDK::writeServerErrorDescrsModule(): D:/kbengine-2.4.2/first_server_assets//_tmp/Unity//ServerErrorDescrs.cs
 DEBUG root [2019-03-02 10:05:56,383] - ClientSDK::saveFile(): D:/kbengine-2.4.2/first_server_assets//_tmp/Unity/ServerErrorDescrs.cs
 DEBUG root [2019-03-02 10:05:56,399] - ClientSDK::writeEngineMessagesModule(): D:/kbengine-2.4.2/first_server_assets//_tmp/Unity//Messages.cs
 DEBUG root [2019-03-02 10:05:56,399] - ClientSDK::saveFile(): D:/kbengine-2.4.2/first_server_assets//_tmp/Unity/Messages.cs
 DEBUG root [2019-03-02 10:05:56,414] - ClientSDK::saveFile(): D:/kbengine-2.4.2/first_server_assets//_tmp/Unity/KBETypes.cs
 DEBUG root [2019-03-02 10:05:56,414] - ClientSDK::writeEntityDefsModule(): D:/kbengine-2.4.2/first_server_assets//_tmp/Unity//EntityDef.cs
 DEBUG root [2019-03-02 10:05:56,414] - ClientSDK::saveFile(): D:/kbengine-2.4.2/first_server_assets//_tmp/Unity/EntityDef.cs
 DEBUG root [2019-03-02 10:05:56,430] - ClientSDK::saveFile(): D:/kbengine-2.4.2/first_server_assets//_tmp/Unity/CustomDataTypes.cs
 DEBUG root [2019-03-02 10:05:56,430] - ClientSDK::writeEntityModule(): D:/kbengine-2.4.2/first_server_assets//_tmp/Unity//Account
 DEBUG root [2019-03-02 10:05:56,430] - ClientSDK::saveFile(): D:/kbengine-2.4.2/first_server_assets//_tmp/Unity/AccountBase.cs
 DEBUG root [2019-03-02 10:05:56,445] - ClientSDK::saveFile(): D:/kbengine-2.4.2/first_server_assets//_tmp/Unity/EntityCallAccountBase.cs
 DEBUG root [2019-03-02 10:05:56,445] - ClientSDK::writeEntityModule(): D:/kbengine-2.4.2/first_server_assets//_tmp/Unity//Halls
 DEBUG root [2019-03-02 10:05:56,445] - ClientSDK::saveFile(): D:/kbengine-2.4.2/first_server_assets//_tmp/Unity/HallsBase.cs
 DEBUG root [2019-03-02 10:05:56,445] - ClientSDK::saveFile(): D:/kbengine-2.4.2/first_server_assets//_tmp/Unity/EntityCallHallsBase.cs
 DEBUG root [2019-03-02 10:05:56,445] - ClientSDK::writeEntityModule(): D:/kbengine-2.4.2/first_server_assets//_tmp/Unity//Room
 DEBUG root [2019-03-02 10:05:56,445] - ClientSDK::saveFile(): D:/kbengine-2.4.2/first_server_assets//_tmp/Unity/RoomBase.cs
 DEBUG root [2019-03-02 10:05:56,445] - ClientSDK::saveFile(): D:/kbengine-2.4.2/first_server_assets//_tmp/Unity/EntityCallRoomBase.cs
  INFO root [2019-03-02 10:05:56,461] - Script::uninstall(): is successfully!
 DEBUG root [2019-03-02 10:05:56,461] - ThreadPool::destroy(): starting size 2.
  INFO root [2019-03-02 10:05:56,664] - EventDispatcher()::~EventDispatcher: Num timers = 2
  WARN root [2019-03-02 10:05:56,774] - ThreadPool::destroy(): waiting for thread(2)[0x19302a8,0x1930108,], try=1
 DEBUG root [2019-03-02 10:05:57,198] - TPThread::~TPThread(): 0x19302a8
 DEBUG root [2019-03-02 10:05:57,198] - TPThread::~TPThread(): 0x1930108
 DEBUG root [2019-03-02 10:05:57,198] - ThreadPool::destroy(): successfully!
 DEBUG root [2019-03-02 10:05:57,198] - Bundle::destroyObjPool(): size 13.
 DEBUG root [2019-03-02 10:05:57,198] - Channel::destroyObjPool(): size 0.
 DEBUG root [2019-03-02 10:05:57,198] - TCPPacket::destroyObjPool(): size 0.
 DEBUG root [2019-03-02 10:05:57,198] - UDPPacket::destroyObjPool(): size 0.
 DEBUG root [2019-03-02 10:05:57,198] - EndPoint::destroyObjPool(): size 0.
 DEBUG root [2019-03-02 10:05:57,198] - Address::destroyObjPool(): size 0.
 DEBUG root [2019-03-02 10:05:57,198] - TCPPacketReceiver::destroyObjPool(): size 0.
 DEBUG root [2019-03-02 10:05:57,198] - UDPPacketReceiver::destroyObjPool(): size 0.
  INFO root [2019-03-02 10:05:57,198] - tool(0) has shut down. ClientSDK=true
  INFO root [2019-03-02 10:05:58,217] - EventDispatcher()::~EventDispatcher: Num timers = 2
  INFO root [2019-03-02 10:06:44,669] - 
  INFO root [2019-03-02 10:06:44,669] - -----------------------------------------------------------------------------------------


  INFO root [2019-03-02 10:06:44,669] - Resmgr::initialize: KBE_ROOT=D:/kbengine-2.4.2/
  INFO root [2019-03-02 10:06:44,669] - Resmgr::initialize: KBE_RES_PATH=D:/kbengine-2.4.2/kbe/res/;D:/kbengine-2.4.2/first_server_assets/;D:/kbengine-2.4.2/first_server_assets/scripts/;D:/kbengine-2.4.2/first_server_assets/res/
  INFO root [2019-03-02 10:06:44,669] - Resmgr::initialize: KBE_BIN_PATH=D:/kbengine-2.4.2/kbe/bin/server/
  INFO root [2019-03-02 10:06:44,669] - NetworkInterface::initialize(INTERNAL-TCP): bound to all interfaces with default route interface on 192.168.0.148 ( 192.168.0.148:2181 )
  INFO root [2019-03-02 10:06:44,669] - NetworkInterface::initialize(INTERNAL-TCP): address 192.168.0.148:2181, SOMAXCONN=5.
  INFO root [2019-03-02 10:06:44,669] - ---- tool Version: 2.4.2. ScriptVersion: 0.1.0. Pythoncore: 3.7.2. Protocol: 78D6E7A3B539900D86F0C2145E44AEB3. Config: Debug X86. Built: 17:19:50 Feb 27 2019. AppID: 0. UID: 28936. PID: 5732 ----
  INFO root [2019-03-02 10:06:44,669] - Server 19: Intel(R) Xeon(R) CPU E3-1231 v3 @ 3.40GHz with 2097151kB RAM
  INFO root [2019-03-02 10:06:44,669] - ThreadPool::createThreadPool: creating  threadpool...
  INFO root [2019-03-02 10:06:44,669] - ThreadPool::createThreadPool: successfully(2), newThreadCount=1, normalMaxThreadCount=2, maxThreadCount=8
  INFO root [2019-03-02 10:06:44,841] - Script::install(): is successfully, Python=(3.7.2 (default, Feb 27 2019, 17:13:46) [MSC v.1916 32 bit (Intel)])!
  INFO root [2019-03-02 10:06:44,856] - Script::install(): KBExtra is successfully!
 DEBUG root [2019-03-02 10:06:45,441] - ClientSDK::writeServerErrorDescrsModule(): D:/kbengine-2.4.2/first_server_assets//_tmp/Unity//ServerErrorDescrs.cs
 DEBUG root [2019-03-02 10:06:45,441] - ClientSDK::saveFile(): D:/kbengine-2.4.2/first_server_assets//_tmp/Unity/ServerErrorDescrs.cs
 DEBUG root [2019-03-02 10:06:45,443] - ClientSDK::writeEngineMessagesModule(): D:/kbengine-2.4.2/first_server_assets//_tmp/Unity//Messages.cs
 DEBUG root [2019-03-02 10:06:45,447] - ClientSDK::saveFile(): D:/kbengine-2.4.2/first_server_assets//_tmp/Unity/Messages.cs
 DEBUG root [2019-03-02 10:06:45,453] - ClientSDK::saveFile(): D:/kbengine-2.4.2/first_server_assets//_tmp/Unity/KBETypes.cs
 DEBUG root [2019-03-02 10:06:45,454] - ClientSDK::writeEntityDefsModule(): D:/kbengine-2.4.2/first_server_assets//_tmp/Unity//EntityDef.cs
 DEBUG root [2019-03-02 10:06:45,454] - ClientSDK::saveFile(): D:/kbengine-2.4.2/first_server_assets//_tmp/Unity/EntityDef.cs
 DEBUG root [2019-03-02 10:06:45,454] - ClientSDK::saveFile(): D:/kbengine-2.4.2/first_server_assets//_tmp/Unity/CustomDataTypes.cs
 DEBUG root [2019-03-02 10:06:45,469] - ClientSDK::writeEntityModule(): D:/kbengine-2.4.2/first_server_assets//_tmp/Unity//Account
 DEBUG root [2019-03-02 10:06:45,469] - ClientSDK::saveFile(): D:/kbengine-2.4.2/first_server_assets//_tmp/Unity/AccountBase.cs
 DEBUG root [2019-03-02 10:06:45,469] - ClientSDK::saveFile(): D:/kbengine-2.4.2/first_server_assets//_tmp/Unity/EntityCallAccountBase.cs
 DEBUG root [2019-03-02 10:06:45,469] - ClientSDK::writeEntityModule(): D:/kbengine-2.4.2/first_server_assets//_tmp/Unity//Halls
 DEBUG root [2019-03-02 10:06:45,469] - ClientSDK::saveFile(): D:/kbengine-2.4.2/first_server_assets//_tmp/Unity/HallsBase.cs
 DEBUG root [2019-03-02 10:06:45,469] - ClientSDK::saveFile(): D:/kbengine-2.4.2/first_server_assets//_tmp/Unity/EntityCallHallsBase.cs
 DEBUG root [2019-03-02 10:06:45,469] - ClientSDK::writeEntityModule(): D:/kbengine-2.4.2/first_server_assets//_tmp/Unity//Room
 DEBUG root [2019-03-02 10:06:45,469] - ClientSDK::saveFile(): D:/kbengine-2.4.2/first_server_assets//_tmp/Unity/RoomBase.cs
 DEBUG root [2019-03-02 10:06:45,469] - ClientSDK::saveFile(): D:/kbengine-2.4.2/first_server_assets//_tmp/Unity/EntityCallRoomBase.cs
  INFO root [2019-03-02 10:06:45,485] - Script::uninstall(): is successfully!
 DEBUG root [2019-03-02 10:06:45,485] - ThreadPool::destroy(): starting size 2.
  WARN root [2019-03-02 10:06:45,798] - ThreadPool::destroy(): waiting for thread(2)[0x1a3b2e0,0x1a3b418,], try=1
 DEBUG root [2019-03-02 10:06:46,222] - TPThread::~TPThread(): 0x1a3b2e0
 DEBUG root [2019-03-02 10:06:46,222] - TPThread::~TPThread(): 0x1a3b418
 DEBUG root [2019-03-02 10:06:46,222] - ThreadPool::destroy(): successfully!
 DEBUG root [2019-03-02 10:06:46,222] - Bundle::destroyObjPool(): size 13.
 DEBUG root [2019-03-02 10:06:46,222] - Channel::destroyObjPool(): size 0.
 DEBUG root [2019-03-02 10:06:46,222] - TCPPacket::destroyObjPool(): size 0.
 DEBUG root [2019-03-02 10:06:46,222] - UDPPacket::destroyObjPool(): size 0.
 DEBUG root [2019-03-02 10:06:46,222] - EndPoint::destroyObjPool(): size 0.
 DEBUG root [2019-03-02 10:06:46,222] - Address::destroyObjPool(): size 0.
 DEBUG root [2019-03-02 10:06:46,222] - TCPPacketReceiver::destroyObjPool(): size 0.
 DEBUG root [2019-03-02 10:06:46,222] - UDPPacketReceiver::destroyObjPool(): size 0.
  INFO root [2019-03-02 10:06:46,222] - tool(0) has shut down. ClientSDK=true
  INFO root [2019-03-02 10:06:47,241] - EventDispatcher()::~EventDispatcher: Num timers = 2
  INFO root [2019-03-02 10:21:41,378] - 
  INFO root [2019-03-02 10:21:41,378] - -----------------------------------------------------------------------------------------


  INFO root [2019-03-02 10:21:41,379] - Resmgr::initialize: KBE_ROOT=D:/kbengine-2.4.2/
  INFO root [2019-03-02 10:21:41,379] - Resmgr::initialize: KBE_RES_PATH=D:/kbengine-2.4.2/kbe/res/;D:/kbengine-2.4.2/first_server_assets/;D:/kbengine-2.4.2/first_server_assets/scripts/;D:/kbengine-2.4.2/first_server_assets/res/
  INFO root [2019-03-02 10:21:41,379] - Resmgr::initialize: KBE_BIN_PATH=D:/kbengine-2.4.2/kbe/bin/server/
  INFO root [2019-03-02 10:21:41,383] - NetworkInterface::initialize(INTERNAL-TCP): bound to all interfaces with default route interface on 192.168.0.123 ( 192.168.0.123:3053 )
  INFO root [2019-03-02 10:21:41,384] - NetworkInterface::initialize(INTERNAL-TCP): address 192.168.0.123:3053, SOMAXCONN=5.
  INFO root [2019-03-02 10:21:41,387] - ---- tool Version: 2.4.2. ScriptVersion: 0.1.0. Pythoncore: 3.7.2. Protocol: 78D6E7A3B539900D86F0C2145E44AEB3. Config: Debug X86. Built: 17:19:50 Feb 27 2019. AppID: 0. UID: 28936. PID: 13244 ----
  INFO root [2019-03-02 10:21:41,387] - Server 19: Intel(R) Xeon(R) CPU E3-1231 v3 @ 3.40GHz with 2097151kB RAM
  INFO root [2019-03-02 10:21:41,388] - ThreadPool::createThreadPool: creating  threadpool...
  INFO root [2019-03-02 10:21:41,388] - ThreadPool::createThreadPool: successfully(2), newThreadCount=1, normalMaxThreadCount=2, maxThreadCount=8
  INFO root [2019-03-02 10:21:41,562] - Script::install(): is successfully, Python=(3.7.2 (default, Feb 27 2019, 17:13:46) [MSC v.1916 32 bit (Intel)])!
  INFO root [2019-03-02 10:21:41,562] - Script::install(): KBExtra is successfully!
 DEBUG root [2019-03-02 10:21:42,461] - ClientSDK::writeServerErrorDescrsModule(): D:/kbengine-2.4.2/first_server_assets//_tmp/Unity//ServerErrorDescrs.cs
 DEBUG root [2019-03-02 10:21:42,462] - ClientSDK::saveFile(): D:/kbengine-2.4.2/first_server_assets//_tmp/Unity/ServerErrorDescrs.cs
 DEBUG root [2019-03-02 10:21:42,469] - ClientSDK::writeEngineMessagesModule(): D:/kbengine-2.4.2/first_server_assets//_tmp/Unity//Messages.cs
 DEBUG root [2019-03-02 10:21:42,475] - ClientSDK::saveFile(): D:/kbengine-2.4.2/first_server_assets//_tmp/Unity/Messages.cs
 DEBUG root [2019-03-02 10:21:42,481] - ClientSDK::saveFile(): D:/kbengine-2.4.2/first_server_assets//_tmp/Unity/KBETypes.cs
 DEBUG root [2019-03-02 10:21:42,484] - ClientSDK::writeEntityDefsModule(): D:/kbengine-2.4.2/first_server_assets//_tmp/Unity//EntityDef.cs
 DEBUG root [2019-03-02 10:21:42,486] - ClientSDK::saveFile(): D:/kbengine-2.4.2/first_server_assets//_tmp/Unity/EntityDef.cs
 DEBUG root [2019-03-02 10:21:42,495] - ClientSDK::saveFile(): D:/kbengine-2.4.2/first_server_assets//_tmp/Unity/CustomDataTypes.cs
 DEBUG root [2019-03-02 10:21:42,499] - ClientSDK::writeEntityModule(): D:/kbengine-2.4.2/first_server_assets//_tmp/Unity//Account
 DEBUG root [2019-03-02 10:21:42,500] - ClientSDK::saveFile(): D:/kbengine-2.4.2/first_server_assets//_tmp/Unity/AccountBase.cs
 DEBUG root [2019-03-02 10:21:42,508] - ClientSDK::saveFile(): D:/kbengine-2.4.2/first_server_assets//_tmp/Unity/EntityCallAccountBase.cs
 DEBUG root [2019-03-02 10:21:42,513] - ClientSDK::writeEntityModule(): D:/kbengine-2.4.2/first_server_assets//_tmp/Unity//Halls
 DEBUG root [2019-03-02 10:21:42,513] - ClientSDK::saveFile(): D:/kbengine-2.4.2/first_server_assets//_tmp/Unity/HallsBase.cs
 DEBUG root [2019-03-02 10:21:42,520] - ClientSDK::saveFile(): D:/kbengine-2.4.2/first_server_assets//_tmp/Unity/EntityCallHallsBase.cs
 DEBUG root [2019-03-02 10:21:42,527] - ClientSDK::writeEntityModule(): D:/kbengine-2.4.2/first_server_assets//_tmp/Unity//Room
 DEBUG root [2019-03-02 10:21:42,528] - ClientSDK::saveFile(): D:/kbengine-2.4.2/first_server_assets//_tmp/Unity/RoomBase.cs
 DEBUG root [2019-03-02 10:21:42,535] - ClientSDK::saveFile(): D:/kbengine-2.4.2/first_server_assets//_tmp/Unity/EntityCallRoomBase.cs
  INFO root [2019-03-02 10:21:42,548] - Script::uninstall(): is successfully!
 DEBUG root [2019-03-02 10:21:42,548] - ThreadPool::destroy(): starting size 2.
  WARN root [2019-03-02 10:21:42,849] - ThreadPool::destroy(): waiting for thread(2)[0x1978018,0x1978080,], try=1
 DEBUG root [2019-03-02 10:21:43,251] - TPThread::~TPThread(): 0x1978018
 DEBUG root [2019-03-02 10:21:43,251] - TPThread::~TPThread(): 0x1978080
 DEBUG root [2019-03-02 10:21:43,251] - ThreadPool::destroy(): successfully!
 DEBUG root [2019-03-02 10:21:43,260] - Bundle::destroyObjPool(): size 13.
 DEBUG root [2019-03-02 10:21:43,261] - Channel::destroyObjPool(): size 0.
 DEBUG root [2019-03-02 10:21:43,261] - TCPPacket::destroyObjPool(): size 0.
 DEBUG root [2019-03-02 10:21:43,261] - UDPPacket::destroyObjPool(): size 0.
 DEBUG root [2019-03-02 10:21:43,261] - EndPoint::destroyObjPool(): size 0.
 DEBUG root [2019-03-02 10:21:43,261] - Address::destroyObjPool(): size 0.
 DEBUG root [2019-03-02 10:21:43,261] - TCPPacketReceiver::destroyObjPool(): size 0.
 DEBUG root [2019-03-02 10:21:43,261] - UDPPacketReceiver::destroyObjPool(): size 0.
  INFO root [2019-03-02 10:21:43,261] - tool(0) has shut down. ClientSDK=true
  INFO root [2019-03-02 10:21:44,263] - EventDispatcher()::~EventDispatcher: Num timers = 2
  INFO root [2019-03-04 11:20:30,844] - 
  INFO root [2019-03-04 11:20:30,844] - 
  INFO root [2019-03-04 11:20:30,850] - -----------------------------------------------------------------------------------------


  INFO root [2019-03-04 11:20:30,850] - -----------------------------------------------------------------------------------------


  INFO root [2019-03-04 11:20:30,851] - Resmgr::initialize: KBE_ROOT=D:/kbengine-2.4.2/
  INFO root [2019-03-04 11:20:30,851] - Resmgr::initialize: KBE_ROOT=D:/kbengine-2.4.2/
  INFO root [2019-03-04 11:20:30,851] - Resmgr::initialize: KBE_RES_PATH=D:/kbengine-2.4.2/kbe/res/;D:/kbengine-2.4.2/first_server_assets/;D:/kbengine-2.4.2/first_server_assets/scripts/;D:/kbengine-2.4.2/first_server_assets/res/
  INFO root [2019-03-04 11:20:30,851] - Resmgr::initialize: KBE_RES_PATH=D:/kbengine-2.4.2/kbe/res/;D:/kbengine-2.4.2/first_server_assets/;D:/kbengine-2.4.2/first_server_assets/scripts/;D:/kbengine-2.4.2/first_server_assets/res/
  INFO root [2019-03-04 11:20:30,851] - Resmgr::initialize: KBE_BIN_PATH=D:/kbengine-2.4.2/kbe/bin/server/
  INFO root [2019-03-04 11:20:30,851] - Resmgr::initialize: KBE_BIN_PATH=D:/kbengine-2.4.2/kbe/bin/server/
  INFO root [2019-03-04 11:20:30,856] - NetworkInterface::initialize(INTERNAL-TCP): bound to all interfaces with default route interface on 192.168.0.148 ( 192.168.0.148:11083 )
  INFO root [2019-03-04 11:20:30,856] - NetworkInterface::initialize(INTERNAL-TCP): bound to all interfaces with default route interface on 192.168.0.148 ( 192.168.0.148:11084 )
  INFO root [2019-03-04 11:20:30,856] - NetworkInterface::initialize(INTERNAL-TCP): address 192.168.0.148:11083, SOMAXCONN=5.
  INFO root [2019-03-04 11:20:30,856] - NetworkInterface::initialize(INTERNAL-TCP): address 192.168.0.148:11084, SOMAXCONN=5.
  INFO root [2019-03-04 11:20:30,860] - ---- tool Version: 2.4.2. ScriptVersion: 0.1.0. Pythoncore: 3.7.2. Protocol: 78D6E7A3B539900D86F0C2145E44AEB3. Config: Debug X86. Built: 17:19:50 Feb 27 2019. AppID  INFO root [2019-03-04 11:20:30,860] - ---- tool Version: 2.4.2. ScriptVersion: 0.1.0. Pythoncore: 3.7.2. Protocol: 78D6E7A3B539900D86F0C2145E44AEB3. Config: Debug X86. Built: 17:19:50 Feb 27 2019. AppID: 0. UID: 0. PID: 14256 ----
: 0. UID: 0. PID: 14324 ----
  INFO root [2019-03-04 11:20:30,860] - Server 19: Intel(R) Xeon(R) CPU E3-1231 v3 @ 3.40GHz with 2097151kB RAM
  INFO root [2019-03-04 11:20:30,860] - Server 19: Intel(R) Xeon(R) CPU E3-1231 v3 @ 3.40GHz with 2097151kB RAM
  INFO root [2019-03-04 11:20:30,860] - ThreadPool::createThreadPool: creating  threadpool...
  INFO root [2019-03-04 11:20:30,860] - ThreadPool::createThreadPool: creating  threadpool...
  INFO root [2019-03-04 11:20:30,861] - ThreadPool::createThreadPool: successfully(2), newThreadCount=1, normalMaxThreadCount=2, maxThreadCount=8
  INFO root [2019-03-04 11:20:30,861] - ThreadPool::createThreadPool: successfully(2), newThreadCount=1, normalMaxThreadCount=2, maxThreadCount=8
  INFO root [2019-03-04 11:20:31,039] - Script::install(): is successfully, Python=(3.7.2 (default, Feb 27 2019, 17:13:46) [MSC v.1916 32 bit (Intel)])!
  INFO root [2019-03-04 11:20:31,039] - Script::install(): is successfully, Python=(3.7.2 (default, Feb 27 2019, 17:13:46) [MSC v.1916 32 bit (Intel)])!
  INFO root [2019-03-04 11:20:31,040] - Script::install(): KBExtra is successfully!
  INFO root [2019-03-04 11:20:31,040] - Script::install(): KBExtra is successfully!
 DEBUG root [2019-03-04 11:20:32,202] - ClientSDK::writeServerErrorDescrsModule(): D:\kbengine-2.4.2\first_server_assets\/kbengine_unity3d_plugins//ServerErrorDescrs.cs
 DEBUG root [2019-03-04 11:20:32,203] - ClientSDK::saveFile(): D:\kbengine-2.4.2\first_server_assets\/kbengine_unity3d_plugins/ServerErrorDescrs.cs
 DEBUG root [2019-03-04 11:20:32,211] - ClientSDK::writeEngineMessagesModule(): D:\kbengine-2.4.2\first_server_assets\/kbengine_unity3d_plugins//Messages.cs
 DEBUG root [2019-03-04 11:20:32,216] - ClientSDK::saveFile(): D:\kbengine-2.4.2\first_server_assets\/kbengine_unity3d_plugins/Messages.cs
 DEBUG root [2019-03-04 11:20:32,223] - ClientSDK::saveFile(): D:\kbengine-2.4.2\first_server_assets\/kbengine_unity3d_plugins/KBETypes.cs
 DEBUG root [2019-03-04 11:20:32,227] - ClientSDK::writeEntityDefsModule(): D:\kbengine-2.4.2\first_server_assets\/kbengine_unity3d_plugins//EntityDef.cs
 DEBUG root [2019-03-04 11:20:32,228] - ClientSDK::saveFile(): D:\kbengine-2.4.2\first_server_assets\/kbengine_unity3d_plugins/EntityDef.cs
 DEBUG root [2019-03-04 11:20:32,237] - ClientSDK::saveFile(): D:\kbengine-2.4.2\first_server_assets\/kbengine_unity3d_plugins/CustomDataTypes.cs
 DEBUG root [2019-03-04 11:20:32,240] - ClientSDK::writeEntityModule(): D:\kbengine-2.4.2\first_server_assets\/kbengine_unity3d_plugins//Account
 DEBUG root [2019-03-04 11:20:32,241] - ClientSDK::saveFile(): D:\kbengine-2.4.2\first_server_assets\/kbengine_unity3d_plugins/AccountBase.cs
 DEBUG root [2019-03-04 11:20:32,249] - ClientSDK::saveFile(): D:\kbengine-2.4.2\first_server_assets\/kbengine_unity3d_plugins/EntityCallAccountBase.cs
 DEBUG root [2019-03-04 11:20:32,254] - ClientSDK::writeEntityModule(): D:\kbengine-2.4.2\first_server_assets\/kbengine_unity3d_plugins//Halls
 DEBUG root [2019-03-04 11:20:32,254] - ClientSDK::saveFile(): D:\kbengine-2.4.2\first_server_assets\/kbengine_unity3d_plugins/HallsBase.cs
 DEBUG root [2019-03-04 11:20:32,261] - ClientSDK::saveFile(): D:\kbengine-2.4.2\first_server_assets\/kbengine_unity3d_plugins/EntityCallHallsBase.cs
 DEBUG root [2019-03-04 11:20:32,266] - ClientSDK::writeEntityModule(): D:\kbengine-2.4.2\first_server_assets\/kbengine_unity3d_plugins//Room
 DEBUG root [2019-03-04 11:20:32,267] - ClientSDK::saveFile(): D:\kbengine-2.4.2\first_server_assets\/kbengine_unity3d_plugins/RoomBase.cs
 DEBUG root [2019-03-04 11:20:32,274] - ClientSDK::saveFile(): D:\kbengine-2.4.2\first_server_assets\/kbengine_unity3d_plugins/EntityCallRoomBase.cs
  INFO root [2019-03-04 11:20:32,286] - Script::uninstall(): is successfully!
 DEBUG root [2019-03-04 11:20:32,286] - ThreadPool::destroy(): starting size 2.
 DEBUG root [2019-03-04 11:20:32,334] - ClientSDK::writeServerErrorDescrsModule(): D:\kbengine-2.4.2\first_server_assets\/kbengine_ue4_plugins//
 DEBUG root [2019-03-04 11:20:32,335] - ClientSDK::saveFile(): D:\kbengine-2.4.2\first_server_assets\/kbengine_ue4_plugins/Source/KBEnginePlugins/Engine/ServerErrorDescrs.h
 DEBUG root [2019-03-04 11:20:32,339] - ClientSDK::writeEngineMessagesModule(): D:\kbengine-2.4.2\first_server_assets\/kbengine_ue4_plugins//Messages.cpp
 DEBUG root [2019-03-04 11:20:32,344] - ClientSDK::saveFile(): D:\kbengine-2.4.2\first_server_assets\/kbengine_ue4_plugins/Source/KBEnginePlugins/Engine/Messages.cpp
 DEBUG root [2019-03-04 11:20:32,349] - ClientSDK::saveFile(): D:\kbengine-2.4.2\first_server_assets\/kbengine_ue4_plugins/Source/KBEnginePlugins/Engine/Messages.h
 DEBUG root [2019-03-04 11:20:32,354] - ClientSDK::saveFile(): D:\kbengine-2.4.2\first_server_assets\/kbengine_ue4_plugins/Source/KBEnginePlugins/Engine/KBETypes.h
 DEBUG root [2019-03-04 11:20:32,358] - ClientSDK::writeEntityDefsModule(): D:\kbengine-2.4.2\first_server_assets\/kbengine_ue4_plugins//EntityDef.cpp
 DEBUG root [2019-03-04 11:20:32,359] - ClientSDK::saveFile(): D:\kbengine-2.4.2\first_server_assets\/kbengine_ue4_plugins/Source/KBEnginePlugins/Engine/EntityDef.cpp
 DEBUG root [2019-03-04 11:20:32,365] - ClientSDK::saveFile(): D:\kbengine-2.4.2\first_server_assets\/kbengine_ue4_plugins/Source/KBEnginePlugins/Engine/EntityDef.h
 DEBUG root [2019-03-04 11:20:32,368] - ClientSDK::saveFile(): D:\kbengine-2.4.2\first_server_assets\/kbengine_ue4_plugins/Source/KBEnginePlugins/Engine/CustomDataTypes.cpp
 DEBUG root [2019-03-04 11:20:32,397] - ClientSDK::saveFile(): D:\kbengine-2.4.2\first_server_assets\/kbengine_ue4_plugins/Source/KBEnginePlugins/Engine/CustomDataTypes.h
 DEBUG root [2019-03-04 11:20:32,404] - ClientSDK::writeEntityModule(): D:\kbengine-2.4.2\first_server_assets\/kbengine_ue4_plugins/Source/KBEnginePlugins/Engine//Account
 DEBUG root [2019-03-04 11:20:32,405] - ClientSDK::saveFile(): D:\kbengine-2.4.2\first_server_assets\/kbengine_ue4_plugins/Source/KBEnginePlugins/Engine/AccountBase.cpp
 DEBUG root [2019-03-04 11:20:32,423] - ClientSDK::saveFile(): D:\kbengine-2.4.2\first_server_assets\/kbengine_ue4_plugins/Source/KBEnginePlugins/Engine/AccountBase.h
 DEBUG root [2019-03-04 11:20:32,428] - ClientSDK::saveFile(): D:\kbengine-2.4.2\first_server_assets\/kbengine_ue4_plugins/Source/KBEnginePlugins/Engine/EntityCallAccountBase.cpp
 DEBUG root [2019-03-04 11:20:32,434] - ClientSDK::saveFile(): D:\kbengine-2.4.2\first_server_assets\/kbengine_ue4_plugins/Source/KBEnginePlugins/Engine/EntityCallAccountBase.h
 DEBUG root [2019-03-04 11:20:32,439] - ClientSDK::writeEntityModule(): D:\kbengine-2.4.2\first_server_assets\/kbengine_ue4_plugins/Source/KBEnginePlugins/Engine//Halls
 DEBUG root [2019-03-04 11:20:32,439] - ClientSDK::saveFile(): D:\kbengine-2.4.2\first_server_assets\/kbengine_ue4_plugins/Source/KBEnginePlugins/Engine/HallsBase.cpp
 DEBUG root [2019-03-04 11:20:32,444] - ClientSDK::saveFile(): D:\kbengine-2.4.2\first_server_assets\/kbengine_ue4_plugins/Source/KBEnginePlugins/Engine/HallsBase.h
 DEBUG root [2019-03-04 11:20:32,449] - ClientSDK::saveFile(): D:\kbengine-2.4.2\first_server_assets\/kbengine_ue4_plugins/Source/KBEnginePlugins/Engine/EntityCallHallsBase.cpp
 DEBUG root [2019-03-04 11:20:32,454] - ClientSDK::saveFile(): D:\kbengine-2.4.2\first_server_assets\/kbengine_ue4_plugins/Source/KBEnginePlugins/Engine/EntityCallHallsBase.h
 DEBUG root [2019-03-04 11:20:32,464] - ClientSDK::writeEntityModule(): D:\kbengine-2.4.2\first_server_assets\/kbengine_ue4_plugins/Source/KBEnginePlugins/Engine//Room
 DEBUG root [2019-03-04 11:20:32,465] - ClientSDK::saveFile(): D:\kbengine-2.4.2\first_server_assets\/kbengine_ue4_plugins/Source/KBEnginePlugins/Engine/RoomBase.cpp
 DEBUG root [2019-03-04 11:20:32,470] - ClientSDK::saveFile(): D:\kbengine-2.4.2\first_server_assets\/kbengine_ue4_plugins/Source/KBEnginePlugins/Engine/RoomBase.h
 DEBUG root [2019-03-04 11:20:32,475] - ClientSDK::saveFile(): D:\kbengine-2.4.2\first_server_assets\/kbengine_ue4_plugins/Source/KBEnginePlugins/Engine/EntityCallRoomBase.cpp
 DEBUG root [2019-03-04 11:20:32,480] - ClientSDK::saveFile(): D:\kbengine-2.4.2\first_server_assets\/kbengine_ue4_plugins/Source/KBEnginePlugins/Engine/EntityCallRoomBase.h
  INFO root [2019-03-04 11:20:32,491] - Script::uninstall(): is successfully!
 DEBUG root [2019-03-04 11:20:32,491] - ThreadPool::destroy(): starting size 2.
  WARN root [2019-03-04 11:20:32,587] - ThreadPool::destroy(): waiting for thread(2)[0x163d730,0x163d798,], try=1
  WARN root [2019-03-04 11:20:32,795] - ThreadPool::destroy(): waiting for thread(2)[0x166bb78,0x166baa8,], try=1
 DEBUG root [2019-03-04 11:20:33,011] - TPThread::~TPThread(): 0x163d730
 DEBUG root [2019-03-04 11:20:33,011] - TPThread::~TPThread(): 0x163d798
 DEBUG root [2019-03-04 11:20:33,011] - ThreadPool::destroy(): successfully!
 DEBUG root [2019-03-04 11:20:33,020] - Bundle::destroyObjPool(): size 13.
 DEBUG root [2019-03-04 11:20:33,020] - Channel::destroyObjPool(): size 0.
 DEBUG root [2019-03-04 11:20:33,020] - TCPPacket::destroyObjPool(): size 0.
 DEBUG root [2019-03-04 11:20:33,021] - UDPPacket::destroyObjPool(): size 0.
 DEBUG root [2019-03-04 11:20:33,021] - EndPoint::destroyObjPool(): size 0.
 DEBUG root [2019-03-04 11:20:33,021] - Address::destroyObjPool(): size 0.
 DEBUG root [2019-03-04 11:20:33,021] - TCPPacketReceiver::destroyObjPool(): size 0.
 DEBUG root [2019-03-04 11:20:33,021] - UDPPacketReceiver::destroyObjPool(): size 0.
  INFO root [2019-03-04 11:20:33,022] - tool(0) has shut down. ClientSDK=true
 DEBUG root [2019-03-04 11:20:33,221] - TPThread::~TPThread(): 0x166bb78
 DEBUG root [2019-03-04 11:20:33,221] - TPThread::~TPThread(): 0x166baa8
 DEBUG root [2019-03-04 11:20:33,221] - ThreadPool::destroy(): successfully!
 DEBUG root [2019-03-04 11:20:33,230] - Bundle::destroyObjPool(): size 4.
 DEBUG root [2019-03-04 11:20:33,230] - Channel::destroyObjPool(): size 0.
 DEBUG root [2019-03-04 11:20:33,230] - TCPPacket::destroyObjPool(): size 0.
 DEBUG root [2019-03-04 11:20:33,230] - UDPPacket::destroyObjPool(): size 0.
 DEBUG root [2019-03-04 11:20:33,230] - EndPoint::destroyObjPool(): size 0.
 DEBUG root [2019-03-04 11:20:33,231] - Address::destroyObjPool(): size 0.
 DEBUG root [2019-03-04 11:20:33,231] - TCPPacketReceiver::destroyObjPool(): size 0.
 DEBUG root [2019-03-04 11:20:33,231] - UDPPacketReceiver::destroyObjPool(): size 0.
  INFO root [2019-03-04 11:20:33,231] - tool(0) has shut down. ClientSDK=true
  INFO root [2019-03-04 11:20:34,023] - EventDispatcher()::~EventDispatcher: Num timers = 2
  INFO root [2019-03-04 11:20:34,233] - EventDispatcher()::~EventDispatcher: Num timers = 2
